[2025-06-16 08:02:37] FeedController index() called
[2025-06-16 08:02:37] GET parameters: Array
(
    [route] => home
)

[2025-06-16 08:02:37] testNewTheme: FALSE
[2025-06-16 08:02:55] FeedController index() called
[2025-06-16 08:02:55] GET parameters: Array
(
    [route] => home
)

[2025-06-16 08:02:55] testNewTheme: FALSE
[2025-06-16 08:02:58] FeedController index() called
[2025-06-16 08:02:58] GET parameters: Array
(
    [route] => feed
)

[2025-06-16 08:02:58] testNewTheme: FALSE
[2025-06-16 08:03:44] FeedController index() called
[2025-06-16 08:03:44] GET parameters: Array
(
    [route] => home
)

[2025-06-16 08:03:44] testNewTheme: FALSE
[2025-06-16 08:03:51] FeedController index() called
[2025-06-16 08:03:51] GET parameters: Array
(
    [route] => home
)

[2025-06-16 08:03:51] testNewTheme: FALSE
[2025-06-16 08:04:00] FeedController index() called
[2025-06-16 08:04:00] GET parameters: Array
(
    [route] => home
)

[2025-06-16 08:04:00] testNewTheme: FALSE
[2025-06-16 08:11:58] FeedController index() called
[2025-06-16 08:11:58] GET parameters: Array
(
    [route] => home
)

[2025-06-16 08:11:58] testNewTheme: FALSE
[2025-06-16 09:46:08] FeedController index() called
[2025-06-16 09:46:08] GET parameters: Array
(
    [route] => home
)

[2025-06-16 09:46:08] testNewTheme: FALSE
[2025-06-16 09:46:14] FeedController index() called
[2025-06-16 09:46:14] GET parameters: Array
(
    [route] => home
)

[2025-06-16 09:46:14] testNewTheme: FALSE
[2025-06-16 10:21:28] FeedController index() called
[2025-06-16 10:21:28] GET parameters: Array
(
    [route] => home
)

[2025-06-16 10:21:28] testNewTheme: FALSE
[2025-06-16 10:22:54] FeedController index() called
[2025-06-16 10:22:54] GET parameters: Array
(
    [route] => home
)

[2025-06-16 10:22:54] testNewTheme: FALSE
[2025-06-16 10:27:30] FeedController index() called
[2025-06-16 10:27:30] GET parameters: Array
(
    [route] => home
)

[2025-06-16 10:27:30] testNewTheme: FALSE
[2025-06-16 10:27:46] FeedController index() called
[2025-06-16 10:27:46] GET parameters: Array
(
    [route] => home
)

[2025-06-16 10:27:46] testNewTheme: FALSE
[2025-06-16 10:27:48] FeedController index() called
[2025-06-16 10:27:48] GET parameters: Array
(
    [route] => home
)

[2025-06-16 10:27:48] testNewTheme: FALSE
[2025-06-16 10:30:32] FeedController index() called
[2025-06-16 10:30:32] GET parameters: Array
(
    [route] => home
)

[2025-06-16 10:30:32] testNewTheme: FALSE
[2025-06-16 10:36:02] FeedController index() called
[2025-06-16 10:36:02] GET parameters: Array
(
    [route] => home
)

[2025-06-16 10:36:02] testNewTheme: FALSE
[2025-06-16 10:36:05] FeedController index() called
[2025-06-16 10:36:05] GET parameters: Array
(
    [route] => home
)

[2025-06-16 10:36:05] testNewTheme: FALSE
[2025-06-16 10:37:25] FeedController index() called
[2025-06-16 10:37:25] GET parameters: Array
(
    [route] => home
)

[2025-06-16 10:37:25] testNewTheme: FALSE
[2025-06-16 10:39:10] FeedController index() called
[2025-06-16 10:39:10] GET parameters: Array
(
    [route] => home
)

[2025-06-16 10:39:10] testNewTheme: FALSE
[2025-06-16 10:39:22] FeedController index() called
[2025-06-16 10:39:22] GET parameters: Array
(
    [route] => home
)

[2025-06-16 10:39:22] testNewTheme: FALSE
[2025-06-16 10:39:35] FeedController index() called
[2025-06-16 10:39:35] GET parameters: Array
(
    [route] => home
)

[2025-06-16 10:39:35] testNewTheme: FALSE
[2025-06-16 10:39:43] FeedController index() called
[2025-06-16 10:39:43] GET parameters: Array
(
    [route] => home
)

[2025-06-16 10:39:43] testNewTheme: FALSE
[2025-06-16 10:40:03] FeedController index() called
[2025-06-16 10:40:03] GET parameters: Array
(
    [route] => home
)

[2025-06-16 10:40:03] testNewTheme: FALSE
[2025-06-16 10:43:55] FeedController index() called
[2025-06-16 10:43:55] GET parameters: Array
(
    [route] => home
)

[2025-06-16 10:43:55] testNewTheme: FALSE
[2025-06-16 10:44:08] FeedController index() called
[2025-06-16 10:44:08] GET parameters: Array
(
    [route] => home
)

[2025-06-16 10:44:08] testNewTheme: FALSE
[2025-06-16 10:48:06] FeedController index() called
[2025-06-16 10:48:06] GET parameters: Array
(
    [route] => home
)

[2025-06-16 10:48:06] testNewTheme: FALSE
[2025-06-16 10:48:36] FeedController index() called
[2025-06-16 10:48:36] GET parameters: Array
(
    [route] => home
)

[2025-06-16 10:48:36] testNewTheme: FALSE
[2025-06-16 10:50:20] FeedController index() called
[2025-06-16 10:50:20] GET parameters: Array
(
    [route] => home
)

[2025-06-16 10:50:20] testNewTheme: FALSE
[2025-06-16 10:51:53] FeedController index() called
[2025-06-16 10:51:53] GET parameters: Array
(
    [route] => home
)

[2025-06-16 10:51:53] testNewTheme: FALSE
[2025-06-16 10:52:13] FeedController index() called
[2025-06-16 10:52:13] GET parameters: Array
(
    [route] => home
)

[2025-06-16 10:52:13] testNewTheme: FALSE
[2025-06-16 10:54:53] FeedController index() called
[2025-06-16 10:54:53] GET parameters: Array
(
    [route] => home
)

[2025-06-16 10:54:53] testNewTheme: FALSE
[2025-06-16 10:55:11] FeedController index() called
[2025-06-16 10:55:11] GET parameters: Array
(
    [route] => home
)

[2025-06-16 10:55:11] testNewTheme: FALSE
[2025-06-16 10:56:17] FeedController index() called
[2025-06-16 10:56:17] GET parameters: Array
(
    [route] => home
)

[2025-06-16 10:56:17] testNewTheme: FALSE
[2025-06-16 10:56:30] FeedController index() called
[2025-06-16 10:56:30] GET parameters: Array
(
    [route] => home
)

[2025-06-16 10:56:30] testNewTheme: FALSE
[2025-06-16 10:56:37] FeedController index() called
[2025-06-16 10:56:37] GET parameters: Array
(
    [route] => home
)

[2025-06-16 10:56:37] testNewTheme: FALSE
[2025-06-16 10:56:42] FeedController index() called
[2025-06-16 10:56:42] GET parameters: Array
(
    [route] => home
)

[2025-06-16 10:56:42] testNewTheme: FALSE
[2025-06-16 10:56:48] FeedController index() called
[2025-06-16 10:56:48] GET parameters: Array
(
    [route] => home
)

[2025-06-16 10:56:48] testNewTheme: FALSE
[2025-06-16 10:56:52] FeedController index() called
[2025-06-16 10:56:52] GET parameters: Array
(
    [route] => home
)

[2025-06-16 10:56:52] testNewTheme: FALSE
[2025-06-16 10:56:59] FeedController index() called
[2025-06-16 10:56:59] GET parameters: Array
(
    [route] => home
)

[2025-06-16 10:56:59] testNewTheme: FALSE
[2025-06-16 10:57:05] FeedController index() called
[2025-06-16 10:57:05] GET parameters: Array
(
    [route] => home
)

[2025-06-16 10:57:05] testNewTheme: FALSE
[2025-06-16 10:57:09] FeedController index() called
[2025-06-16 10:57:09] GET parameters: Array
(
    [route] => home
)

[2025-06-16 10:57:09] testNewTheme: FALSE
[2025-06-16 10:57:14] FeedController index() called
[2025-06-16 10:57:14] GET parameters: Array
(
    [route] => home
)

[2025-06-16 10:57:14] testNewTheme: FALSE
[2025-06-16 10:57:18] FeedController index() called
[2025-06-16 10:57:18] GET parameters: Array
(
    [route] => home
)

[2025-06-16 10:57:18] testNewTheme: FALSE
[2025-06-16 10:57:30] FeedController index() called
[2025-06-16 10:57:30] GET parameters: Array
(
    [route] => home
)

[2025-06-16 10:57:30] testNewTheme: FALSE
[2025-06-16 10:57:34] FeedController index() called
[2025-06-16 10:57:34] GET parameters: Array
(
    [route] => home
)

[2025-06-16 10:57:34] testNewTheme: FALSE
[2025-06-16 10:57:38] FeedController index() called
[2025-06-16 10:57:38] GET parameters: Array
(
    [route] => home
)

[2025-06-16 10:57:38] testNewTheme: FALSE
[2025-06-16 11:03:12] FeedController index() called
[2025-06-16 11:03:12] GET parameters: Array
(
    [route] => home
)

[2025-06-16 11:03:12] testNewTheme: FALSE
[2025-06-16 11:03:29] FeedController index() called
[2025-06-16 11:03:29] GET parameters: Array
(
    [route] => home
)

[2025-06-16 11:03:29] testNewTheme: FALSE
[2025-06-16 11:05:59] FeedController index() called
[2025-06-16 11:05:59] GET parameters: Array
(
    [route] => home
)

[2025-06-16 11:05:59] testNewTheme: FALSE
[2025-06-16 11:06:14] FeedController index() called
[2025-06-16 11:06:14] GET parameters: Array
(
    [route] => home
)

[2025-06-16 11:06:14] testNewTheme: FALSE
[2025-06-16 11:06:40] FeedController index() called
[2025-06-16 11:06:40] GET parameters: Array
(
    [route] => home
)

[2025-06-16 11:06:40] testNewTheme: FALSE
[2025-06-16 11:07:11] FeedController index() called
[2025-06-16 11:07:11] GET parameters: Array
(
    [route] => home
)

[2025-06-16 11:07:11] testNewTheme: FALSE
[2025-06-16 11:21:13] FeedController index() called
[2025-06-16 11:21:13] GET parameters: Array
(
    [route] => home
)

[2025-06-16 11:21:13] testNewTheme: FALSE
[2025-06-16 11:22:46] FeedController index() called
[2025-06-16 11:22:46] GET parameters: Array
(
    [route] => home
)

[2025-06-16 11:22:46] testNewTheme: FALSE
[2025-06-16 11:23:09] FeedController index() called
[2025-06-16 11:23:09] GET parameters: Array
(
    [route] => home
)

[2025-06-16 11:23:09] testNewTheme: FALSE
[2025-06-16 12:04:15] FeedController index() called
[2025-06-16 12:04:15] GET parameters: Array
(
    [route] => home
)

[2025-06-16 12:04:15] testNewTheme: FALSE
[2025-06-16 12:04:41] FeedController index() called
[2025-06-16 12:04:41] GET parameters: Array
(
    [route] => home
)

[2025-06-16 12:04:41] testNewTheme: FALSE
[2025-06-16 12:05:02] FeedController index() called
[2025-06-16 12:05:02] GET parameters: Array
(
    [route] => home
)

[2025-06-16 12:05:02] testNewTheme: FALSE
[2025-06-16 12:05:17] FeedController index() called
[2025-06-16 12:05:17] GET parameters: Array
(
    [route] => home
)

[2025-06-16 12:05:17] testNewTheme: FALSE
[2025-06-16 12:07:22] FeedController index() called
[2025-06-16 12:07:22] GET parameters: Array
(
    [route] => home
)

[2025-06-16 12:07:22] testNewTheme: FALSE
[2025-06-16 12:08:24] FeedController index() called
[2025-06-16 12:08:24] GET parameters: Array
(
    [route] => home
)

[2025-06-16 12:08:24] testNewTheme: FALSE
[2025-06-16 12:13:28] FeedController index() called
[2025-06-16 12:13:28] GET parameters: Array
(
    [route] => home
)

[2025-06-16 12:13:28] testNewTheme: FALSE
[2025-06-16 12:13:58] FeedController index() called
[2025-06-16 12:13:58] GET parameters: Array
(
    [route] => home
)

[2025-06-16 12:13:58] testNewTheme: FALSE
[2025-06-16 12:14:05] FeedController index() called
[2025-06-16 12:14:05] GET parameters: Array
(
    [route] => home
)

[2025-06-16 12:14:05] testNewTheme: FALSE
[2025-06-16 12:14:29] FeedController index() called
[2025-06-16 12:14:29] GET parameters: Array
(
    [route] => home
)

[2025-06-16 12:14:29] testNewTheme: FALSE
[2025-06-16 12:19:46] FeedController index() called
[2025-06-16 12:19:46] GET parameters: Array
(
    [route] => home
)

[2025-06-16 12:19:46] testNewTheme: FALSE
[2025-06-16 12:20:08] FeedController index() called
[2025-06-16 12:20:08] GET parameters: Array
(
    [route] => home
)

[2025-06-16 12:20:08] testNewTheme: FALSE
[2025-06-16 13:22:12] FeedController index() called
[2025-06-16 13:22:12] GET parameters: Array
(
    [route] => home
)

[2025-06-16 13:22:12] testNewTheme: FALSE
[2025-06-16 13:25:01] FeedController index() called
[2025-06-16 13:25:01] GET parameters: Array
(
    [route] => home
)

[2025-06-16 13:25:01] testNewTheme: FALSE
[2025-06-16 13:25:10] FeedController index() called
[2025-06-16 13:25:10] GET parameters: Array
(
    [route] => home
)

[2025-06-16 13:25:10] testNewTheme: FALSE
[2025-06-16 13:25:14] FeedController index() called
[2025-06-16 13:25:14] GET parameters: Array
(
    [route] => home
)

[2025-06-16 13:25:14] testNewTheme: FALSE
[2025-06-16 13:37:05] FeedController index() called
[2025-06-16 13:37:05] GET parameters: Array
(
    [route] => home
)

[2025-06-16 13:37:05] testNewTheme: FALSE
[2025-06-16 13:37:08] FeedController index() called
[2025-06-16 13:37:08] GET parameters: Array
(
    [route] => home
)

[2025-06-16 13:37:08] testNewTheme: FALSE
[2025-06-16 13:37:29] FeedController index() called
[2025-06-16 13:37:29] GET parameters: Array
(
    [route] => home
)

[2025-06-16 13:37:29] testNewTheme: FALSE
[2025-06-16 13:37:45] FeedController index() called
[2025-06-16 13:37:45] GET parameters: Array
(
    [route] => home
)

[2025-06-16 13:37:45] testNewTheme: FALSE
