[2025-06-13 08:56:50] FeedController index() called
[2025-06-13 08:56:50] GET parameters: Array
(
    [route] => home
)

[2025-06-13 08:56:50] testNewTheme: FALSE
[2025-06-13 08:57:33] FeedController index() called
[2025-06-13 08:57:33] GET parameters: Array
(
    [route] => home
)

[2025-06-13 08:57:33] testNewTheme: FALSE
[2025-06-13 09:36:13] FeedController index() called
[2025-06-13 09:36:13] GET parameters: Array
(
    [route] => home
)

[2025-06-13 09:36:13] testNewTheme: FALSE
[2025-06-13 09:50:31] FeedController index() called
[2025-06-13 09:50:31] GET parameters: Array
(
    [route] => home
)

[2025-06-13 09:50:31] testNewTheme: FALSE
[2025-06-13 09:51:10] FeedController index() called
[2025-06-13 09:51:10] GET parameters: Array
(
    [route] => home
)

[2025-06-13 09:51:10] testNewTheme: FALSE
[2025-06-13 09:53:15] FeedController index() called
[2025-06-13 09:53:15] GET parameters: Array
(
    [route] => home
)

[2025-06-13 09:53:15] testNewTheme: FALSE
[2025-06-13 09:54:21] FeedController index() called
[2025-06-13 09:54:21] GET parameters: Array
(
    [route] => home
)

[2025-06-13 09:54:21] testNewTheme: FALSE
[2025-06-13 09:56:51] FeedController index() called
[2025-06-13 09:56:51] GET parameters: Array
(
    [route] => home
)

[2025-06-13 09:56:51] testNewTheme: FALSE
[2025-06-13 09:58:57] FeedController index() called
[2025-06-13 09:58:57] GET parameters: Array
(
    [route] => home
)

[2025-06-13 09:58:57] testNewTheme: FALSE
[2025-06-13 10:01:02] FeedController index() called
[2025-06-13 10:01:02] GET parameters: Array
(
    [route] => home
)

[2025-06-13 10:01:02] testNewTheme: FALSE
[2025-06-13 10:05:21] FeedController index() called
[2025-06-13 10:05:21] GET parameters: Array
(
    [route] => home
)

[2025-06-13 10:05:21] testNewTheme: FALSE
[2025-06-13 10:08:33] FeedController index() called
[2025-06-13 10:08:33] GET parameters: Array
(
    [route] => home
)

[2025-06-13 10:08:33] testNewTheme: FALSE
[2025-06-13 10:08:36] FeedController index() called
[2025-06-13 10:08:36] GET parameters: Array
(
    [route] => home
)

[2025-06-13 10:08:36] testNewTheme: FALSE
[2025-06-13 10:09:39] FeedController index() called
[2025-06-13 10:09:39] GET parameters: Array
(
    [route] => home
)

[2025-06-13 10:09:39] testNewTheme: FALSE
[2025-06-13 10:11:48] FeedController index() called
[2025-06-13 10:11:48] GET parameters: Array
(
    [route] => home
)

[2025-06-13 10:11:48] testNewTheme: FALSE
[2025-06-13 10:13:08] FeedController index() called
[2025-06-13 10:13:08] GET parameters: Array
(
    [route] => home
)

[2025-06-13 10:13:08] testNewTheme: FALSE
[2025-06-13 10:15:04] FeedController index() called
[2025-06-13 10:15:04] GET parameters: Array
(
    [route] => home
)

[2025-06-13 10:15:04] testNewTheme: FALSE
[2025-06-13 10:16:10] FeedController index() called
[2025-06-13 10:16:10] GET parameters: Array
(
    [route] => home
)

[2025-06-13 10:16:10] testNewTheme: FALSE
[2025-06-13 10:17:19] FeedController index() called
[2025-06-13 10:17:19] GET parameters: Array
(
    [route] => home
)

[2025-06-13 10:17:19] testNewTheme: FALSE
[2025-06-13 10:17:29] FeedController index() called
[2025-06-13 10:17:29] GET parameters: Array
(
    [route] => home
)

[2025-06-13 10:17:29] testNewTheme: FALSE
[2025-06-13 10:17:44] FeedController index() called
[2025-06-13 10:17:44] GET parameters: Array
(
    [route] => home
)

[2025-06-13 10:17:44] testNewTheme: FALSE
[2025-06-13 10:18:31] FeedController index() called
[2025-06-13 10:18:31] GET parameters: Array
(
    [route] => home
)

[2025-06-13 10:18:31] testNewTheme: FALSE
[2025-06-13 10:21:17] FeedController index() called
[2025-06-13 10:21:17] GET parameters: Array
(
    [route] => home
)

[2025-06-13 10:21:17] testNewTheme: FALSE
[2025-06-13 10:27:55] FeedController index() called
[2025-06-13 10:27:55] GET parameters: Array
(
    [route] => home
)

[2025-06-13 10:27:55] testNewTheme: FALSE
[2025-06-13 10:37:18] FeedController index() called
[2025-06-13 10:37:18] GET parameters: Array
(
    [route] => home
)

[2025-06-13 10:37:18] testNewTheme: FALSE
[2025-06-13 10:47:04] FeedController index() called
[2025-06-13 10:47:04] GET parameters: Array
(
    [route] => home
)

[2025-06-13 10:47:04] testNewTheme: FALSE
[2025-06-13 10:53:02] FeedController index() called
[2025-06-13 10:53:02] GET parameters: Array
(
    [route] => home
)

[2025-06-13 10:53:02] testNewTheme: FALSE
[2025-06-13 10:54:30] FeedController index() called
[2025-06-13 10:54:30] GET parameters: Array
(
    [route] => home
)

[2025-06-13 10:54:30] testNewTheme: FALSE
[2025-06-13 10:58:03] FeedController index() called
[2025-06-13 10:58:03] GET parameters: Array
(
    [route] => home
)

[2025-06-13 10:58:03] testNewTheme: FALSE
[2025-06-13 11:01:23] FeedController index() called
[2025-06-13 11:01:23] GET parameters: Array
(
    [route] => home
)

[2025-06-13 11:01:23] testNewTheme: FALSE
[2025-06-13 11:21:01] FeedController index() called
[2025-06-13 11:21:01] GET parameters: Array
(
    [route] => home
)

[2025-06-13 11:21:01] testNewTheme: FALSE
[2025-06-13 11:21:48] FeedController index() called
[2025-06-13 11:21:48] GET parameters: Array
(
    [route] => home
)

[2025-06-13 11:21:48] testNewTheme: FALSE
[2025-06-13 11:22:56] FeedController index() called
[2025-06-13 11:22:56] GET parameters: Array
(
    [route] => home
)

[2025-06-13 11:22:56] testNewTheme: FALSE
[2025-06-13 11:23:52] FeedController index() called
[2025-06-13 11:23:52] GET parameters: Array
(
    [route] => home
)

[2025-06-13 11:23:52] testNewTheme: FALSE
[2025-06-13 11:24:47] FeedController index() called
[2025-06-13 11:24:47] GET parameters: Array
(
    [route] => home
)

[2025-06-13 11:24:47] testNewTheme: FALSE
[2025-06-13 11:36:40] FeedController index() called
[2025-06-13 11:36:40] GET parameters: Array
(
    [route] => home
)

[2025-06-13 11:36:40] testNewTheme: FALSE
[2025-06-13 12:30:02] FeedController index() called
[2025-06-13 12:30:02] GET parameters: Array
(
    [route] => home
)

[2025-06-13 12:30:02] testNewTheme: FALSE
[2025-06-13 13:03:21] FeedController index() called
[2025-06-13 13:03:21] GET parameters: Array
(
    [route] => home
)

[2025-06-13 13:03:21] testNewTheme: FALSE
[2025-06-13 13:17:15] FeedController index() called
[2025-06-13 13:17:15] GET parameters: Array
(
    [route] => home
)

[2025-06-13 13:17:15] testNewTheme: FALSE
[2025-06-13 13:36:17] FeedController index() called
[2025-06-13 13:36:17] GET parameters: Array
(
    [route] => home
)

[2025-06-13 13:36:17] testNewTheme: FALSE
[2025-06-13 13:36:49] FeedController index() called
[2025-06-13 13:36:49] GET parameters: Array
(
    [route] => home
)

[2025-06-13 13:36:49] testNewTheme: FALSE
[2025-06-13 14:40:07] FeedController index() called
[2025-06-13 14:40:07] GET parameters: Array
(
    [route] => home
)

[2025-06-13 14:40:07] testNewTheme: FALSE
[2025-06-13 15:57:59] FeedController index() called
[2025-06-13 15:57:59] GET parameters: Array
(
    [route] => home
)

[2025-06-13 15:57:59] testNewTheme: FALSE
[2025-06-13 15:58:10] FeedController index() called
[2025-06-13 15:58:10] GET parameters: Array
(
    [route] => home
)

[2025-06-13 15:58:10] testNewTheme: FALSE
[2025-06-13 16:04:49] FeedController index() called
[2025-06-13 16:04:49] GET parameters: Array
(
    [route] => home
)

[2025-06-13 16:04:49] testNewTheme: FALSE
[2025-06-13 16:06:34] FeedController index() called
[2025-06-13 16:06:34] GET parameters: Array
(
    [route] => home
)

[2025-06-13 16:06:34] testNewTheme: FALSE
[2025-06-13 16:06:37] FeedController index() called
[2025-06-13 16:06:37] GET parameters: Array
(
    [route] => home
)

[2025-06-13 16:06:37] testNewTheme: FALSE
[2025-06-13 16:07:49] FeedController index() called
[2025-06-13 16:07:49] GET parameters: Array
(
    [route] => home
)

[2025-06-13 16:07:49] testNewTheme: FALSE
[2025-06-13 16:13:06] FeedController index() called
[2025-06-13 16:13:06] GET parameters: Array
(
    [route] => home
)

[2025-06-13 16:13:06] testNewTheme: FALSE
[2025-06-13 16:17:59] FeedController index() called
[2025-06-13 16:17:59] GET parameters: Array
(
    [route] => home
)

[2025-06-13 16:17:59] testNewTheme: FALSE
[2025-06-13 16:20:42] FeedController index() called
[2025-06-13 16:20:42] GET parameters: Array
(
    [route] => home
)

[2025-06-13 16:20:42] testNewTheme: FALSE
[2025-06-13 16:21:43] FeedController index() called
[2025-06-13 16:21:43] GET parameters: Array
(
    [route] => home
)

[2025-06-13 16:21:43] testNewTheme: FALSE
[2025-06-13 16:21:53] FeedController index() called
[2025-06-13 16:21:53] GET parameters: Array
(
    [route] => home
)

[2025-06-13 16:21:53] testNewTheme: FALSE
[2025-06-13 16:22:30] FeedController index() called
[2025-06-13 16:22:30] GET parameters: Array
(
    [route] => feed
)

[2025-06-13 16:22:30] testNewTheme: FALSE
[2025-06-13 16:23:27] FeedController index() called
[2025-06-13 16:23:27] GET parameters: Array
(
    [debug] => 1
    [route] => home
)

[2025-06-13 16:23:27] testNewTheme: FALSE
[2025-06-13 16:25:22] FeedController index() called
[2025-06-13 16:25:22] GET parameters: Array
(
    [debug] => 1
    [route] => home
)

[2025-06-13 16:25:22] testNewTheme: FALSE
[2025-06-13 16:26:00] FeedController index() called
[2025-06-13 16:26:00] GET parameters: Array
(
    [route] => home
)

[2025-06-13 16:26:00] testNewTheme: FALSE
[2025-06-13 16:28:18] FeedController index() called
[2025-06-13 16:28:18] GET parameters: Array
(
    [route] => home
)

[2025-06-13 16:28:18] testNewTheme: FALSE
[2025-06-13 16:30:35] FeedController index() called
[2025-06-13 16:30:35] GET parameters: Array
(
    [route] => home
)

[2025-06-13 16:30:35] testNewTheme: FALSE
[2025-06-13 16:31:52] FeedController index() called
[2025-06-13 16:31:52] GET parameters: Array
(
    [route] => home
)

[2025-06-13 16:31:52] testNewTheme: FALSE
[2025-06-13 16:39:17] FeedController index() called
[2025-06-13 16:39:17] GET parameters: Array
(
    [route] => home
)

[2025-06-13 16:39:17] testNewTheme: FALSE
[2025-06-13 16:40:05] FeedController index() called
[2025-06-13 16:40:05] GET parameters: Array
(
    [route] => home
)

[2025-06-13 16:40:05] testNewTheme: FALSE
[2025-06-13 16:40:27] FeedController index() called
[2025-06-13 16:40:27] GET parameters: Array
(
    [route] => home
)

[2025-06-13 16:40:27] testNewTheme: FALSE
[2025-06-13 16:40:45] FeedController index() called
[2025-06-13 16:40:45] GET parameters: Array
(
    [route] => home
)

[2025-06-13 16:40:45] testNewTheme: FALSE
[2025-06-13 16:42:05] FeedController index() called
[2025-06-13 16:42:05] GET parameters: Array
(
    [route] => home
)

[2025-06-13 16:42:05] testNewTheme: FALSE
[2025-06-13 16:42:08] FeedController index() called
[2025-06-13 16:42:08] GET parameters: Array
(
    [route] => home
)

[2025-06-13 16:42:08] testNewTheme: FALSE
[2025-06-13 16:43:00] FeedController index() called
[2025-06-13 16:43:00] GET parameters: Array
(
    [route] => home
)

[2025-06-13 16:43:00] testNewTheme: FALSE
[2025-06-13 16:44:42] FeedController index() called
[2025-06-13 16:44:42] GET parameters: Array
(
    [route] => home
)

[2025-06-13 16:44:42] testNewTheme: FALSE
[2025-06-13 16:51:37] FeedController index() called
[2025-06-13 16:51:37] GET parameters: Array
(
    [route] => home
)

[2025-06-13 16:51:37] testNewTheme: FALSE
[2025-06-13 16:52:05] FeedController index() called
[2025-06-13 16:52:05] GET parameters: Array
(
    [route] => home
)

[2025-06-13 16:52:05] testNewTheme: FALSE
[2025-06-13 16:52:17] FeedController index() called
[2025-06-13 16:52:17] GET parameters: Array
(
    [route] => home
)

[2025-06-13 16:52:17] testNewTheme: FALSE
[2025-06-13 17:18:27] FeedController index() called
[2025-06-13 17:18:27] GET parameters: Array
(
    [route] => home
)

[2025-06-13 17:18:27] testNewTheme: FALSE
[2025-06-13 17:19:48] FeedController index() called
[2025-06-13 17:19:48] GET parameters: Array
(
    [route] => home
)

[2025-06-13 17:19:48] testNewTheme: FALSE
[2025-06-13 17:20:44] FeedController index() called
[2025-06-13 17:20:44] GET parameters: Array
(
    [route] => home
)

[2025-06-13 17:20:44] testNewTheme: FALSE
[2025-06-13 17:20:48] FeedController index() called
[2025-06-13 17:20:48] GET parameters: Array
(
    [route] => home
)

[2025-06-13 17:20:48] testNewTheme: FALSE
[2025-06-13 17:21:07] FeedController index() called
[2025-06-13 17:21:07] GET parameters: Array
(
    [route] => home
)

[2025-06-13 17:21:07] testNewTheme: FALSE
[2025-06-13 17:21:34] FeedController index() called
[2025-06-13 17:21:34] GET parameters: Array
(
    [route] => home
)

[2025-06-13 17:21:34] testNewTheme: FALSE
