[2025-06-14 09:43:44] FeedController index() called
[2025-06-14 09:43:44] GET parameters: Array
(
    [route] => home
)

[2025-06-14 09:43:44] testNewTheme: FALSE
[2025-06-14 10:01:53] FeedController index() called
[2025-06-14 10:01:53] GET parameters: Array
(
    [route] => home
)

[2025-06-14 10:01:53] testNewTheme: FALSE
[2025-06-14 10:02:05] FeedController index() called
[2025-06-14 10:02:05] GET parameters: Array
(
    [route] => home
)

[2025-06-14 10:02:05] testNewTheme: FALSE
[2025-06-14 10:05:01] FeedController index() called
[2025-06-14 10:05:01] GET parameters: Array
(
    [route] => home
)

[2025-06-14 10:05:01] testNewTheme: FALSE
[2025-06-14 10:08:11] FeedController index() called
[2025-06-14 10:08:11] GET parameters: Array
(
    [route] => home
)

[2025-06-14 10:08:11] testNewTheme: FALSE
[2025-06-14 10:19:07] FeedController index() called
[2025-06-14 10:19:07] GET parameters: Array
(
    [route] => home
)

[2025-06-14 10:19:07] testNewTheme: FALSE
[2025-06-14 10:19:32] FeedController index() called
[2025-06-14 10:19:32] GET parameters: Array
(
    [route] => home
)

[2025-06-14 10:19:32] testNewTheme: FALSE
[2025-06-14 10:36:14] FeedController index() called
[2025-06-14 10:36:14] GET parameters: Array
(
    [route] => home
)

[2025-06-14 10:36:14] testNewTheme: FALSE
[2025-06-14 10:38:38] FeedController index() called
[2025-06-14 10:38:38] GET parameters: Array
(
    [route] => home
)

[2025-06-14 10:38:38] testNewTheme: FALSE
[2025-06-14 10:40:00] FeedController index() called
[2025-06-14 10:40:00] GET parameters: Array
(
    [route] => home
)

[2025-06-14 10:40:00] testNewTheme: FALSE
[2025-06-14 10:44:01] FeedController index() called
[2025-06-14 10:44:01] GET parameters: Array
(
    [route] => home
)

[2025-06-14 10:44:01] testNewTheme: FALSE
[2025-06-14 10:45:54] FeedController index() called
[2025-06-14 10:45:54] GET parameters: Array
(
    [route] => home
)

[2025-06-14 10:45:54] testNewTheme: FALSE
[2025-06-14 10:48:55] FeedController index() called
[2025-06-14 10:48:55] GET parameters: Array
(
    [route] => home
)

[2025-06-14 10:48:55] testNewTheme: FALSE
[2025-06-14 10:49:17] FeedController index() called
[2025-06-14 10:49:17] GET parameters: Array
(
    [route] => home
)

[2025-06-14 10:49:17] testNewTheme: FALSE
[2025-06-14 10:49:37] FeedController index() called
[2025-06-14 10:49:37] GET parameters: Array
(
    [route] => home
)

[2025-06-14 10:49:37] testNewTheme: FALSE
[2025-06-14 10:50:05] FeedController index() called
[2025-06-14 10:50:05] GET parameters: Array
(
    [route] => home
)

[2025-06-14 10:50:05] testNewTheme: FALSE
[2025-06-14 10:54:15] FeedController index() called
[2025-06-14 10:54:15] GET parameters: Array
(
    [route] => home
)

[2025-06-14 10:54:15] testNewTheme: FALSE
[2025-06-14 11:10:51] FeedController index() called
[2025-06-14 11:10:51] GET parameters: Array
(
    [route] => home
)

[2025-06-14 11:10:51] testNewTheme: FALSE
[2025-06-14 11:11:00] FeedController index() called
[2025-06-14 11:11:00] GET parameters: Array
(
    [route] => home
)

[2025-06-14 11:11:00] testNewTheme: FALSE
[2025-06-14 11:14:32] FeedController index() called
[2025-06-14 11:14:32] GET parameters: Array
(
    [route] => feed
)

[2025-06-14 11:14:32] testNewTheme: FALSE
[2025-06-14 11:14:43] FeedController index() called
[2025-06-14 11:14:43] GET parameters: Array
(
    [route] => home
)

[2025-06-14 11:14:43] testNewTheme: FALSE
[2025-06-14 11:15:27] FeedController index() called
[2025-06-14 11:15:27] GET parameters: Array
(
    [route] => home
)

[2025-06-14 11:15:27] testNewTheme: FALSE
[2025-06-14 11:15:48] FeedController index() called
[2025-06-14 11:15:48] GET parameters: Array
(
    [route] => home
)

[2025-06-14 11:15:48] testNewTheme: FALSE
[2025-06-14 11:16:11] FeedController index() called
[2025-06-14 11:16:11] GET parameters: Array
(
    [route] => home
)

[2025-06-14 11:16:11] testNewTheme: FALSE
[2025-06-14 11:18:19] FeedController index() called
[2025-06-14 11:18:19] GET parameters: Array
(
    [route] => home
)

[2025-06-14 11:18:19] testNewTheme: FALSE
[2025-06-14 11:18:28] FeedController index() called
[2025-06-14 11:18:28] GET parameters: Array
(
    [route] => home
)

[2025-06-14 11:18:28] testNewTheme: FALSE
[2025-06-14 11:23:01] FeedController index() called
[2025-06-14 11:23:01] GET parameters: Array
(
    [route] => home
)

[2025-06-14 11:23:01] testNewTheme: FALSE
[2025-06-14 11:25:53] FeedController index() called
[2025-06-14 11:25:53] GET parameters: Array
(
    [route] => home
)

[2025-06-14 11:25:53] testNewTheme: FALSE
[2025-06-14 11:26:51] FeedController index() called
[2025-06-14 11:26:51] GET parameters: Array
(
    [route] => home
)

[2025-06-14 11:26:51] testNewTheme: FALSE
[2025-06-14 11:28:07] FeedController index() called
[2025-06-14 11:28:07] GET parameters: Array
(
    [route] => home
)

[2025-06-14 11:28:07] testNewTheme: FALSE
[2025-06-14 11:29:42] FeedController index() called
[2025-06-14 11:29:42] GET parameters: Array
(
    [route] => home
)

[2025-06-14 11:29:42] testNewTheme: FALSE
[2025-06-14 11:32:06] FeedController index() called
[2025-06-14 11:32:06] GET parameters: Array
(
    [route] => home
)

[2025-06-14 11:32:06] testNewTheme: FALSE
[2025-06-14 11:38:21] FeedController index() called
[2025-06-14 11:38:21] GET parameters: Array
(
    [route] => home
)

[2025-06-14 11:38:21] testNewTheme: FALSE
[2025-06-14 11:41:16] FeedController index() called
[2025-06-14 11:41:16] GET parameters: Array
(
    [route] => home
)

[2025-06-14 11:41:16] testNewTheme: FALSE
[2025-06-14 11:43:20] FeedController index() called
[2025-06-14 11:43:20] GET parameters: Array
(
    [route] => home
)

[2025-06-14 11:43:20] testNewTheme: FALSE
[2025-06-14 11:43:35] FeedController index() called
[2025-06-14 11:43:35] GET parameters: Array
(
    [route] => home
)

[2025-06-14 11:43:35] testNewTheme: FALSE
[2025-06-14 11:51:27] FeedController index() called
[2025-06-14 11:51:27] GET parameters: Array
(
    [route] => home
)

[2025-06-14 11:51:27] testNewTheme: FALSE
[2025-06-14 11:53:02] FeedController index() called
[2025-06-14 11:53:02] GET parameters: Array
(
    [route] => home
)

[2025-06-14 11:53:02] testNewTheme: FALSE
[2025-06-14 12:05:31] FeedController index() called
[2025-06-14 12:05:31] GET parameters: Array
(
    [route] => home
)

[2025-06-14 12:05:31] testNewTheme: FALSE
[2025-06-14 12:05:43] FeedController index() called
[2025-06-14 12:05:43] GET parameters: Array
(
    [route] => home
)

[2025-06-14 12:05:43] testNewTheme: FALSE
[2025-06-14 12:06:47] FeedController index() called
[2025-06-14 12:06:47] GET parameters: Array
(
    [route] => home
)

[2025-06-14 12:06:47] testNewTheme: FALSE
[2025-06-14 12:06:51] FeedController index() called
[2025-06-14 12:06:51] GET parameters: Array
(
    [route] => home
)

[2025-06-14 12:06:51] testNewTheme: FALSE
[2025-06-14 12:07:01] FeedController index() called
[2025-06-14 12:07:01] GET parameters: Array
(
    [route] => home
)

[2025-06-14 12:07:01] testNewTheme: FALSE
[2025-06-14 12:09:39] FeedController index() called
[2025-06-14 12:09:39] GET parameters: Array
(
    [route] => home
)

[2025-06-14 12:09:39] testNewTheme: FALSE
[2025-06-14 12:10:02] FeedController index() called
[2025-06-14 12:10:02] GET parameters: Array
(
    [route] => home
)

[2025-06-14 12:10:02] testNewTheme: FALSE
[2025-06-14 12:10:08] FeedController index() called
[2025-06-14 12:10:08] GET parameters: Array
(
    [route] => home
)

[2025-06-14 12:10:08] testNewTheme: FALSE
[2025-06-14 12:17:57] FeedController index() called
[2025-06-14 12:17:57] GET parameters: Array
(
    [route] => home
)

[2025-06-14 12:17:57] testNewTheme: FALSE
[2025-06-14 12:18:12] FeedController index() called
[2025-06-14 12:18:12] GET parameters: Array
(
    [route] => home
)

[2025-06-14 12:18:12] testNewTheme: FALSE
[2025-06-14 12:49:06] FeedController index() called
[2025-06-14 12:49:06] GET parameters: Array
(
    [route] => home
)

[2025-06-14 12:49:06] testNewTheme: FALSE
[2025-06-14 12:54:27] FeedController index() called
[2025-06-14 12:54:27] GET parameters: Array
(
    [route] => home
)

[2025-06-14 12:54:27] testNewTheme: FALSE
[2025-06-14 12:54:45] FeedController index() called
[2025-06-14 12:54:45] GET parameters: Array
(
    [route] => home
)

[2025-06-14 12:54:45] testNewTheme: FALSE
[2025-06-14 12:57:08] FeedController index() called
[2025-06-14 12:57:08] GET parameters: Array
(
    [route] => feed
)

[2025-06-14 12:57:08] testNewTheme: FALSE
[2025-06-14 12:57:17] FeedController index() called
[2025-06-14 12:57:17] GET parameters: Array
(
    [route] => home
)

[2025-06-14 12:57:17] testNewTheme: FALSE
[2025-06-14 13:05:28] FeedController index() called
[2025-06-14 13:05:28] GET parameters: Array
(
    [route] => home
)

[2025-06-14 13:05:28] testNewTheme: FALSE
[2025-06-14 13:16:28] FeedController index() called
[2025-06-14 13:16:28] GET parameters: Array
(
    [route] => home
)

[2025-06-14 13:16:28] testNewTheme: FALSE
[2025-06-14 13:16:50] FeedController index() called
[2025-06-14 13:16:50] GET parameters: Array
(
    [route] => home
)

[2025-06-14 13:16:50] testNewTheme: FALSE
[2025-06-14 13:47:09] FeedController index() called
[2025-06-14 13:47:09] GET parameters: Array
(
    [route] => home
)

[2025-06-14 13:47:09] testNewTheme: FALSE
[2025-06-14 14:36:02] FeedController index() called
[2025-06-14 14:36:02] GET parameters: Array
(
    [route] => home
)

[2025-06-14 14:36:02] testNewTheme: FALSE
[2025-06-14 14:41:59] FeedController index() called
[2025-06-14 14:41:59] GET parameters: Array
(
    [route] => home
)

[2025-06-14 14:41:59] testNewTheme: FALSE
[2025-06-14 14:42:55] FeedController index() called
[2025-06-14 14:42:55] GET parameters: Array
(
    [route] => home
)

[2025-06-14 14:42:55] testNewTheme: FALSE
[2025-06-14 14:43:06] FeedController index() called
[2025-06-14 14:43:06] GET parameters: Array
(
    [route] => home
)

[2025-06-14 14:43:06] testNewTheme: FALSE
[2025-06-14 14:43:36] FeedController index() called
[2025-06-14 14:43:36] GET parameters: Array
(
    [route] => feed
)

[2025-06-14 14:43:36] testNewTheme: FALSE
[2025-06-14 14:44:03] FeedController index() called
[2025-06-14 14:44:03] GET parameters: Array
(
    [route] => feed
)

[2025-06-14 14:44:03] testNewTheme: FALSE
[2025-06-14 14:44:17] FeedController index() called
[2025-06-14 14:44:17] GET parameters: Array
(
    [route] => home
)

[2025-06-14 14:44:17] testNewTheme: FALSE
[2025-06-14 14:44:45] FeedController index() called
[2025-06-14 14:44:45] GET parameters: Array
(
    [route] => home
)

[2025-06-14 14:44:45] testNewTheme: FALSE
[2025-06-14 14:57:20] FeedController index() called
[2025-06-14 14:57:20] GET parameters: Array
(
    [route] => home
)

[2025-06-14 14:57:20] testNewTheme: FALSE
[2025-06-14 14:57:25] FeedController index() called
[2025-06-14 14:57:25] GET parameters: Array
(
    [route] => home
)

[2025-06-14 14:57:25] testNewTheme: FALSE
[2025-06-14 14:57:31] FeedController index() called
[2025-06-14 14:57:31] GET parameters: Array
(
    [route] => home
)

[2025-06-14 14:57:31] testNewTheme: FALSE
[2025-06-14 15:43:33] FeedController index() called
[2025-06-14 15:43:33] GET parameters: Array
(
    [route] => home
)

[2025-06-14 15:43:33] testNewTheme: FALSE
[2025-06-14 16:11:51] FeedController index() called
[2025-06-14 16:11:51] GET parameters: Array
(
    [route] => home
)

[2025-06-14 16:11:51] testNewTheme: FALSE
[2025-06-14 16:12:02] FeedController index() called
[2025-06-14 16:12:02] GET parameters: Array
(
    [route] => home
)

[2025-06-14 16:12:02] testNewTheme: FALSE
[2025-06-14 16:45:06] FeedController index() called
[2025-06-14 16:45:06] GET parameters: Array
(
    [route] => home
)

[2025-06-14 16:45:06] testNewTheme: FALSE
[2025-06-14 16:50:30] FeedController index() called
[2025-06-14 16:50:30] GET parameters: Array
(
    [route] => home
)

[2025-06-14 16:50:30] testNewTheme: FALSE
[2025-06-14 17:08:57] FeedController index() called
[2025-06-14 17:08:57] GET parameters: Array
(
    [route] => home
)

[2025-06-14 17:08:57] testNewTheme: FALSE
[2025-06-14 21:49:56] FeedController index() called
[2025-06-14 21:49:56] GET parameters: Array
(
    [route] => home
)

[2025-06-14 21:49:56] testNewTheme: FALSE
[2025-06-14 21:59:53] FeedController index() called
[2025-06-14 21:59:53] GET parameters: Array
(
    [route] => home
)

[2025-06-14 21:59:53] testNewTheme: FALSE
[2025-06-14 22:00:11] FeedController index() called
[2025-06-14 22:00:11] GET parameters: Array
(
    [route] => home
)

[2025-06-14 22:00:11] testNewTheme: FALSE
