[2025-06-11 09:41:48] FeedController index() called
[2025-06-11 09:41:48] GET parameters: Array
(
    [route] => home
)

[2025-06-11 09:41:48] testNewTheme: FALSE
[2025-06-11 09:51:34] FeedController index() called
[2025-06-11 09:51:34] GET parameters: Array
(
    [route] => home
)

[2025-06-11 09:51:34] testNewTheme: FALSE
[2025-06-11 10:02:18] FeedController index() called
[2025-06-11 10:02:18] GET parameters: Array
(
    [route] => home
)

[2025-06-11 10:02:18] testNewTheme: FALSE
[2025-06-11 10:05:36] FeedController index() called
[2025-06-11 10:05:36] GET parameters: Array
(
    [route] => home
)

[2025-06-11 10:05:36] testNewTheme: FALSE
[2025-06-11 10:09:31] FeedController index() called
[2025-06-11 10:09:31] GET parameters: Array
(
    [route] => home
)

[2025-06-11 10:09:31] testNewTheme: FALSE
[2025-06-11 10:13:57] FeedController index() called
[2025-06-11 10:13:57] GET parameters: Array
(
    [route] => home
)

[2025-06-11 10:13:57] testNewTheme: FALSE
[2025-06-11 10:14:20] FeedController index() called
[2025-06-11 10:14:20] GET parameters: Array
(
    [route] => home
)

[2025-06-11 10:14:20] testNewTheme: FALSE
[2025-06-11 10:14:34] FeedController index() called
[2025-06-11 10:14:34] GET parameters: Array
(
    [route] => home
)

[2025-06-11 10:14:34] testNewTheme: FALSE
[2025-06-11 10:22:18] FeedController index() called
[2025-06-11 10:22:18] GET parameters: Array
(
    [route] => home
)

[2025-06-11 10:22:18] testNewTheme: FALSE
[2025-06-11 10:22:34] FeedController index() called
[2025-06-11 10:22:34] GET parameters: Array
(
    [route] => home
)

[2025-06-11 10:22:34] testNewTheme: FALSE
[2025-06-11 10:22:35] FeedController index() called
[2025-06-11 10:22:35] GET parameters: Array
(
    [route] => home
)

[2025-06-11 10:22:35] testNewTheme: FALSE
[2025-06-11 10:23:03] FeedController index() called
[2025-06-11 10:23:03] GET parameters: Array
(
    [route] => home
)

[2025-06-11 10:23:03] testNewTheme: FALSE
[2025-06-11 10:23:47] FeedController index() called
[2025-06-11 10:23:47] GET parameters: Array
(
    [route] => home
)

[2025-06-11 10:23:47] testNewTheme: FALSE
[2025-06-11 10:25:05] FeedController index() called
[2025-06-11 10:25:05] GET parameters: Array
(
    [route] => home
)

[2025-06-11 10:25:05] testNewTheme: FALSE
[2025-06-11 10:26:40] FeedController index() called
[2025-06-11 10:26:40] GET parameters: Array
(
    [route] => home
)

[2025-06-11 10:26:40] testNewTheme: FALSE
[2025-06-11 10:27:43] FeedController index() called
[2025-06-11 10:27:43] GET parameters: Array
(
    [route] => home
)

[2025-06-11 10:27:43] testNewTheme: FALSE
[2025-06-11 10:29:36] FeedController index() called
[2025-06-11 10:29:36] GET parameters: Array
(
    [route] => home
)

[2025-06-11 10:29:36] testNewTheme: FALSE
[2025-06-11 10:30:49] FeedController index() called
[2025-06-11 10:30:49] GET parameters: Array
(
    [route] => home
)

[2025-06-11 10:30:49] testNewTheme: FALSE
[2025-06-11 10:31:08] FeedController index() called
[2025-06-11 10:31:08] GET parameters: Array
(
    [route] => home
)

[2025-06-11 10:31:08] testNewTheme: FALSE
[2025-06-11 10:31:12] FeedController index() called
[2025-06-11 10:31:12] GET parameters: Array
(
    [route] => home
)

[2025-06-11 10:31:12] testNewTheme: FALSE
[2025-06-11 10:31:44] FeedController index() called
[2025-06-11 10:31:44] GET parameters: Array
(
    [route] => home
)

[2025-06-11 10:31:44] testNewTheme: FALSE
[2025-06-11 10:32:07] FeedController index() called
[2025-06-11 10:32:07] GET parameters: Array
(
    [route] => home
)

[2025-06-11 10:32:07] testNewTheme: FALSE
[2025-06-11 10:32:46] FeedController index() called
[2025-06-11 10:32:46] GET parameters: Array
(
    [route] => home
)

[2025-06-11 10:32:46] testNewTheme: FALSE
[2025-06-11 10:33:14] FeedController index() called
[2025-06-11 10:33:14] GET parameters: Array
(
    [route] => home
)

[2025-06-11 10:33:14] testNewTheme: FALSE
[2025-06-11 10:33:18] FeedController index() called
[2025-06-11 10:33:18] GET parameters: Array
(
    [route] => home
)

[2025-06-11 10:33:18] testNewTheme: FALSE
[2025-06-11 10:34:37] FeedController index() called
[2025-06-11 10:34:37] GET parameters: Array
(
    [route] => home
)

[2025-06-11 10:34:37] testNewTheme: FALSE
[2025-06-11 10:34:42] FeedController index() called
[2025-06-11 10:34:42] GET parameters: Array
(
    [route] => home
)

[2025-06-11 10:34:42] testNewTheme: FALSE
[2025-06-11 10:34:44] FeedController index() called
[2025-06-11 10:34:44] GET parameters: Array
(
    [route] => home
)

[2025-06-11 10:34:44] testNewTheme: FALSE
[2025-06-11 10:35:10] FeedController index() called
[2025-06-11 10:35:10] GET parameters: Array
(
    [route] => home
)

[2025-06-11 10:35:10] testNewTheme: FALSE
[2025-06-11 10:43:09] FeedController index() called
[2025-06-11 10:43:09] GET parameters: Array
(
    [route] => home
)

[2025-06-11 10:43:09] testNewTheme: FALSE
[2025-06-11 11:59:44] FeedController index() called
[2025-06-11 11:59:44] GET parameters: Array
(
    [route] => home
)

[2025-06-11 11:59:44] testNewTheme: FALSE
[2025-06-11 12:02:55] FeedController index() called
[2025-06-11 12:02:55] GET parameters: Array
(
    [route] => home
)

[2025-06-11 12:02:55] testNewTheme: FALSE
[2025-06-11 12:25:01] FeedController index() called
[2025-06-11 12:25:01] GET parameters: Array
(
    [route] => home
)

[2025-06-11 12:25:01] testNewTheme: FALSE
[2025-06-11 12:25:11] FeedController index() called
[2025-06-11 12:25:11] GET parameters: Array
(
    [route] => home
)

[2025-06-11 12:25:11] testNewTheme: FALSE
[2025-06-11 12:34:44] FeedController index() called
[2025-06-11 12:34:44] GET parameters: Array
(
    [route] => home
)

[2025-06-11 12:34:44] testNewTheme: FALSE
[2025-06-11 12:45:38] FeedController index() called
[2025-06-11 12:45:38] GET parameters: Array
(
    [route] => home
)

[2025-06-11 12:45:38] testNewTheme: FALSE
[2025-06-11 12:45:48] FeedController index() called
[2025-06-11 12:45:48] GET parameters: Array
(
    [route] => home
)

[2025-06-11 12:45:48] testNewTheme: FALSE
[2025-06-11 13:01:36] FeedController index() called
[2025-06-11 13:01:36] GET parameters: Array
(
    [route] => home
)

[2025-06-11 13:01:36] testNewTheme: FALSE
[2025-06-11 13:01:40] FeedController index() called
[2025-06-11 13:01:40] GET parameters: Array
(
    [route] => home
)

[2025-06-11 13:01:40] testNewTheme: FALSE
[2025-06-11 13:03:52] FeedController index() called
[2025-06-11 13:03:52] GET parameters: Array
(
    [route] => home
)

[2025-06-11 13:03:52] testNewTheme: FALSE
[2025-06-11 13:06:54] FeedController index() called
[2025-06-11 13:06:54] GET parameters: Array
(
    [route] => home
)

[2025-06-11 13:06:54] testNewTheme: FALSE
[2025-06-11 13:06:57] FeedController index() called
[2025-06-11 13:06:57] GET parameters: Array
(
    [route] => home
)

[2025-06-11 13:06:57] testNewTheme: FALSE
[2025-06-11 13:07:01] FeedController index() called
[2025-06-11 13:07:01] GET parameters: Array
(
    [route] => home
)

[2025-06-11 13:07:01] testNewTheme: FALSE
[2025-06-11 13:08:23] FeedController index() called
[2025-06-11 13:08:23] GET parameters: Array
(
    [route] => home
)

[2025-06-11 13:08:23] testNewTheme: FALSE
[2025-06-11 13:08:26] FeedController index() called
[2025-06-11 13:08:26] GET parameters: Array
(
    [route] => home
)

[2025-06-11 13:08:26] testNewTheme: FALSE
[2025-06-11 13:09:43] FeedController index() called
[2025-06-11 13:09:43] GET parameters: Array
(
    [route] => home
)

[2025-06-11 13:09:43] testNewTheme: FALSE
[2025-06-11 13:09:47] FeedController index() called
[2025-06-11 13:09:47] GET parameters: Array
(
    [route] => home
)

[2025-06-11 13:09:47] testNewTheme: FALSE
[2025-06-11 13:11:06] FeedController index() called
[2025-06-11 13:11:06] GET parameters: Array
(
    [route] => home
)

[2025-06-11 13:11:06] testNewTheme: FALSE
[2025-06-11 13:13:46] FeedController index() called
[2025-06-11 13:13:46] GET parameters: Array
(
    [route] => home
)

[2025-06-11 13:13:46] testNewTheme: FALSE
[2025-06-11 13:16:13] FeedController index() called
[2025-06-11 13:16:13] GET parameters: Array
(
    [route] => home
)

[2025-06-11 13:16:13] testNewTheme: FALSE
[2025-06-11 13:16:24] FeedController index() called
[2025-06-11 13:16:24] GET parameters: Array
(
    [route] => home
)

[2025-06-11 13:16:24] testNewTheme: FALSE
[2025-06-11 13:16:31] FeedController index() called
[2025-06-11 13:16:31] GET parameters: Array
(
    [route] => home
)

[2025-06-11 13:16:31] testNewTheme: FALSE
[2025-06-11 13:18:20] FeedController index() called
[2025-06-11 13:18:20] GET parameters: Array
(
    [route] => home
)

[2025-06-11 13:18:20] testNewTheme: FALSE
[2025-06-11 13:21:05] FeedController index() called
[2025-06-11 13:21:05] GET parameters: Array
(
    [route] => home
)

[2025-06-11 13:21:05] testNewTheme: FALSE
[2025-06-11 13:21:53] FeedController index() called
[2025-06-11 13:21:53] GET parameters: Array
(
    [route] => home
)

[2025-06-11 13:21:53] testNewTheme: FALSE
[2025-06-11 13:22:06] FeedController index() called
[2025-06-11 13:22:06] GET parameters: Array
(
    [route] => home
)

[2025-06-11 13:22:06] testNewTheme: FALSE
[2025-06-11 13:22:09] FeedController index() called
[2025-06-11 13:22:09] GET parameters: Array
(
    [route] => home
)

[2025-06-11 13:22:09] testNewTheme: FALSE
[2025-06-11 13:40:36] FeedController index() called
[2025-06-11 13:40:36] GET parameters: Array
(
    [route] => home
)

[2025-06-11 13:40:36] testNewTheme: FALSE
[2025-06-11 13:40:42] FeedController index() called
[2025-06-11 13:40:42] GET parameters: Array
(
    [route] => home
)

[2025-06-11 13:40:42] testNewTheme: FALSE
[2025-06-11 13:41:06] FeedController index() called
[2025-06-11 13:41:06] GET parameters: Array
(
    [route] => home
)

[2025-06-11 13:41:06] testNewTheme: FALSE
[2025-06-11 13:41:23] FeedController index() called
[2025-06-11 13:41:23] GET parameters: Array
(
    [route] => home
)

[2025-06-11 13:41:23] testNewTheme: FALSE
[2025-06-11 13:41:27] FeedController index() called
[2025-06-11 13:41:27] GET parameters: Array
(
    [route] => home
)

[2025-06-11 13:41:27] testNewTheme: FALSE
[2025-06-11 13:41:48] FeedController index() called
[2025-06-11 13:41:48] GET parameters: Array
(
    [route] => home
)

[2025-06-11 13:41:48] testNewTheme: FALSE
[2025-06-11 13:42:19] FeedController index() called
[2025-06-11 13:42:19] GET parameters: Array
(
    [route] => home
)

[2025-06-11 13:42:19] testNewTheme: FALSE
[2025-06-11 13:42:26] FeedController index() called
[2025-06-11 13:42:26] GET parameters: Array
(
    [route] => home
)

[2025-06-11 13:42:26] testNewTheme: FALSE
[2025-06-11 13:47:11] FeedController index() called
[2025-06-11 13:47:11] GET parameters: Array
(
    [route] => home
)

[2025-06-11 13:47:11] testNewTheme: FALSE
[2025-06-11 13:48:38] FeedController index() called
[2025-06-11 13:48:38] GET parameters: Array
(
    [route] => home
)

[2025-06-11 13:48:38] testNewTheme: FALSE
[2025-06-11 13:49:05] FeedController index() called
[2025-06-11 13:49:05] GET parameters: Array
(
    [route] => home
)

[2025-06-11 13:49:05] testNewTheme: FALSE
[2025-06-11 13:52:23] FeedController index() called
[2025-06-11 13:52:23] GET parameters: Array
(
    [route] => home
)

[2025-06-11 13:52:23] testNewTheme: FALSE
[2025-06-11 13:52:48] FeedController index() called
[2025-06-11 13:52:48] GET parameters: Array
(
    [route] => home
)

[2025-06-11 13:52:48] testNewTheme: FALSE
[2025-06-11 13:52:58] FeedController index() called
[2025-06-11 13:52:58] GET parameters: Array
(
    [route] => home
)

[2025-06-11 13:52:58] testNewTheme: FALSE
[2025-06-11 13:54:18] FeedController index() called
[2025-06-11 13:54:18] GET parameters: Array
(
    [route] => home
)

[2025-06-11 13:54:18] testNewTheme: FALSE
[2025-06-11 13:58:48] FeedController index() called
[2025-06-11 13:58:48] GET parameters: Array
(
    [route] => home
)

[2025-06-11 13:58:48] testNewTheme: FALSE
[2025-06-11 13:59:00] FeedController index() called
[2025-06-11 13:59:00] GET parameters: Array
(
    [route] => home
)

[2025-06-11 13:59:00] testNewTheme: FALSE
[2025-06-11 13:59:14] FeedController index() called
[2025-06-11 13:59:14] GET parameters: Array
(
    [route] => home
)

[2025-06-11 13:59:14] testNewTheme: FALSE
[2025-06-11 13:59:29] FeedController index() called
[2025-06-11 13:59:29] GET parameters: Array
(
    [route] => home
)

[2025-06-11 13:59:29] testNewTheme: FALSE
[2025-06-11 14:03:05] FeedController index() called
[2025-06-11 14:03:05] GET parameters: Array
(
    [route] => home
)

[2025-06-11 14:03:05] testNewTheme: FALSE
[2025-06-11 14:03:41] FeedController index() called
[2025-06-11 14:03:41] GET parameters: Array
(
    [route] => home
)

[2025-06-11 14:03:41] testNewTheme: FALSE
[2025-06-11 14:06:16] FeedController index() called
[2025-06-11 14:06:16] GET parameters: Array
(
    [route] => home
)

[2025-06-11 14:06:16] testNewTheme: FALSE
[2025-06-11 14:07:14] FeedController index() called
[2025-06-11 14:07:14] GET parameters: Array
(
    [route] => home
)

[2025-06-11 14:07:14] testNewTheme: FALSE
[2025-06-11 14:07:54] FeedController index() called
[2025-06-11 14:07:54] GET parameters: Array
(
    [route] => home
)

[2025-06-11 14:07:54] testNewTheme: FALSE
[2025-06-11 14:12:00] FeedController index() called
[2025-06-11 14:12:00] GET parameters: Array
(
    [route] => home
)

[2025-06-11 14:12:00] testNewTheme: FALSE
[2025-06-11 14:13:44] FeedController index() called
[2025-06-11 14:13:44] GET parameters: Array
(
    [route] => home
)

[2025-06-11 14:13:44] testNewTheme: FALSE
[2025-06-11 14:14:26] FeedController index() called
[2025-06-11 14:14:26] GET parameters: Array
(
    [route] => home
)

[2025-06-11 14:14:26] testNewTheme: FALSE
[2025-06-11 14:16:32] FeedController index() called
[2025-06-11 14:16:32] GET parameters: Array
(
    [route] => home
)

[2025-06-11 14:16:32] testNewTheme: FALSE
[2025-06-11 14:18:44] FeedController index() called
[2025-06-11 14:18:44] GET parameters: Array
(
    [route] => home
)

[2025-06-11 14:18:44] testNewTheme: FALSE
[2025-06-11 14:23:15] FeedController index() called
[2025-06-11 14:23:15] GET parameters: Array
(
    [route] => home
)

[2025-06-11 14:23:15] testNewTheme: FALSE
[2025-06-11 14:26:04] FeedController index() called
[2025-06-11 14:26:04] GET parameters: Array
(
    [route] => home
)

[2025-06-11 14:26:04] testNewTheme: FALSE
[2025-06-11 14:26:22] FeedController index() called
[2025-06-11 14:26:22] GET parameters: Array
(
    [route] => home
)

[2025-06-11 14:26:22] testNewTheme: FALSE
[2025-06-11 14:27:12] FeedController index() called
[2025-06-11 14:27:12] GET parameters: Array
(
    [route] => home
)

[2025-06-11 14:27:12] testNewTheme: FALSE
[2025-06-11 14:29:59] FeedController index() called
[2025-06-11 14:29:59] GET parameters: Array
(
    [route] => home
)

[2025-06-11 14:29:59] testNewTheme: FALSE
[2025-06-11 14:30:03] FeedController index() called
[2025-06-11 14:30:03] GET parameters: Array
(
    [route] => home
)

[2025-06-11 14:30:03] testNewTheme: FALSE
[2025-06-11 14:32:02] FeedController index() called
[2025-06-11 14:32:02] GET parameters: Array
(
    [route] => home
)

[2025-06-11 14:32:02] testNewTheme: FALSE
[2025-06-11 14:32:58] FeedController index() called
[2025-06-11 14:32:58] GET parameters: Array
(
    [route] => home
)

[2025-06-11 14:32:58] testNewTheme: FALSE
[2025-06-11 14:33:59] FeedController index() called
[2025-06-11 14:33:59] GET parameters: Array
(
    [route] => home
)

[2025-06-11 14:33:59] testNewTheme: FALSE
[2025-06-11 14:34:34] FeedController index() called
[2025-06-11 14:34:34] GET parameters: Array
(
    [route] => home
)

[2025-06-11 14:34:34] testNewTheme: FALSE
[2025-06-11 14:39:36] FeedController index() called
[2025-06-11 14:39:36] GET parameters: Array
(
    [route] => home
)

[2025-06-11 14:39:36] testNewTheme: FALSE
[2025-06-11 14:40:56] FeedController index() called
[2025-06-11 14:40:56] GET parameters: Array
(
    [route] => home
)

[2025-06-11 14:40:56] testNewTheme: FALSE
[2025-06-11 14:44:36] FeedController index() called
[2025-06-11 14:44:36] GET parameters: Array
(
    [route] => home
)

[2025-06-11 14:44:36] testNewTheme: FALSE
[2025-06-11 14:44:39] FeedController index() called
[2025-06-11 14:44:39] GET parameters: Array
(
    [route] => home
)

[2025-06-11 14:44:39] testNewTheme: FALSE
[2025-06-11 14:46:09] FeedController index() called
[2025-06-11 14:46:09] GET parameters: Array
(
    [route] => home
)

[2025-06-11 14:46:09] testNewTheme: FALSE
[2025-06-11 14:47:14] FeedController index() called
[2025-06-11 14:47:14] GET parameters: Array
(
    [route] => home
)

[2025-06-11 14:47:14] testNewTheme: FALSE
[2025-06-11 14:49:11] FeedController index() called
[2025-06-11 14:49:11] GET parameters: Array
(
    [route] => home
)

[2025-06-11 14:49:11] testNewTheme: FALSE
[2025-06-11 14:50:37] FeedController index() called
[2025-06-11 14:50:37] GET parameters: Array
(
    [route] => home
)

[2025-06-11 14:50:37] testNewTheme: FALSE
[2025-06-11 14:51:41] FeedController index() called
[2025-06-11 14:51:41] GET parameters: Array
(
    [route] => home
)

[2025-06-11 14:51:41] testNewTheme: FALSE
[2025-06-11 14:52:39] FeedController index() called
[2025-06-11 14:52:39] GET parameters: Array
(
    [route] => home
)

[2025-06-11 14:52:39] testNewTheme: FALSE
[2025-06-11 14:54:14] FeedController index() called
[2025-06-11 14:54:14] GET parameters: Array
(
    [route] => home
)

[2025-06-11 14:54:14] testNewTheme: FALSE
[2025-06-11 14:55:03] FeedController index() called
[2025-06-11 14:55:03] GET parameters: Array
(
    [route] => home
)

[2025-06-11 14:55:03] testNewTheme: FALSE
[2025-06-11 14:57:21] FeedController index() called
[2025-06-11 14:57:21] GET parameters: Array
(
    [route] => home
)

[2025-06-11 14:57:21] testNewTheme: FALSE
[2025-06-11 14:57:25] FeedController index() called
[2025-06-11 14:57:25] GET parameters: Array
(
    [route] => home
)

[2025-06-11 14:57:25] testNewTheme: FALSE
[2025-06-11 14:57:32] FeedController index() called
[2025-06-11 14:57:32] GET parameters: Array
(
    [route] => home
)

[2025-06-11 14:57:32] testNewTheme: FALSE
[2025-06-11 14:59:19] FeedController index() called
[2025-06-11 14:59:19] GET parameters: Array
(
    [route] => home
)

[2025-06-11 14:59:19] testNewTheme: FALSE
[2025-06-11 15:01:11] FeedController index() called
[2025-06-11 15:01:11] GET parameters: Array
(
    [route] => home
)

[2025-06-11 15:01:11] testNewTheme: FALSE
[2025-06-11 15:01:58] FeedController index() called
[2025-06-11 15:01:58] GET parameters: Array
(
    [route] => feed
)

[2025-06-11 15:01:58] testNewTheme: FALSE
[2025-06-11 15:02:00] FeedController index() called
[2025-06-11 15:02:00] GET parameters: Array
(
    [route] => home
)

[2025-06-11 15:02:00] testNewTheme: FALSE
[2025-06-11 15:02:06] FeedController index() called
[2025-06-11 15:02:06] GET parameters: Array
(
    [route] => feed
)

[2025-06-11 15:02:06] testNewTheme: FALSE
[2025-06-11 15:02:07] FeedController index() called
[2025-06-11 15:02:07] GET parameters: Array
(
    [route] => home
)

[2025-06-11 15:02:07] testNewTheme: FALSE
[2025-06-11 15:05:01] FeedController index() called
[2025-06-11 15:05:01] GET parameters: Array
(
    [route] => home
)

[2025-06-11 15:05:01] testNewTheme: FALSE
[2025-06-11 15:05:58] FeedController index() called
[2025-06-11 15:05:58] GET parameters: Array
(
    [route] => home
)

[2025-06-11 15:05:58] testNewTheme: FALSE
[2025-06-11 15:11:31] FeedController index() called
[2025-06-11 15:11:31] GET parameters: Array
(
    [route] => home
)

[2025-06-11 15:11:31] testNewTheme: FALSE
[2025-06-11 15:15:00] FeedController index() called
[2025-06-11 15:15:00] GET parameters: Array
(
    [route] => home
)

[2025-06-11 15:15:00] testNewTheme: FALSE
[2025-06-11 15:16:40] FeedController index() called
[2025-06-11 15:16:40] GET parameters: Array
(
    [route] => home
)

[2025-06-11 15:16:40] testNewTheme: FALSE
[2025-06-11 15:16:48] FeedController index() called
[2025-06-11 15:16:48] GET parameters: Array
(
    [route] => home
)

[2025-06-11 15:16:48] testNewTheme: FALSE
[2025-06-11 15:18:26] FeedController index() called
[2025-06-11 15:18:26] GET parameters: Array
(
    [route] => home
)

[2025-06-11 15:18:26] testNewTheme: FALSE
[2025-06-11 15:18:34] FeedController index() called
[2025-06-11 15:18:34] GET parameters: Array
(
    [route] => home
)

[2025-06-11 15:18:34] testNewTheme: FALSE
[2025-06-11 15:50:23] FeedController index() called
[2025-06-11 15:50:23] GET parameters: Array
(
    [route] => home
)

[2025-06-11 15:50:23] testNewTheme: FALSE
[2025-06-11 15:53:16] FeedController index() called
[2025-06-11 15:53:16] GET parameters: Array
(
    [route] => home
)

[2025-06-11 15:53:16] testNewTheme: FALSE
[2025-06-11 15:55:48] FeedController index() called
[2025-06-11 15:55:48] GET parameters: Array
(
    [route] => home
)

[2025-06-11 15:55:48] testNewTheme: FALSE
[2025-06-11 15:55:50] FeedController index() called
[2025-06-11 15:55:50] GET parameters: Array
(
    [route] => home
)

[2025-06-11 15:55:50] testNewTheme: FALSE
[2025-06-11 15:55:58] FeedController index() called
[2025-06-11 15:55:58] GET parameters: Array
(
    [route] => home
)

[2025-06-11 15:55:58] testNewTheme: FALSE
[2025-06-11 16:10:41] FeedController index() called
[2025-06-11 16:10:41] GET parameters: Array
(
    [route] => home
)

[2025-06-11 16:10:41] testNewTheme: FALSE
[2025-06-11 16:10:52] FeedController index() called
[2025-06-11 16:10:52] GET parameters: Array
(
    [route] => home
)

[2025-06-11 16:10:52] testNewTheme: FALSE
[2025-06-11 16:11:14] FeedController index() called
[2025-06-11 16:11:14] GET parameters: Array
(
    [route] => home
)

[2025-06-11 16:11:14] testNewTheme: FALSE
[2025-06-11 16:11:30] FeedController index() called
[2025-06-11 16:11:30] GET parameters: Array
(
    [route] => home
)

[2025-06-11 16:11:30] testNewTheme: FALSE
[2025-06-11 16:11:33] FeedController index() called
[2025-06-11 16:11:33] GET parameters: Array
(
    [route] => home
)

[2025-06-11 16:11:33] testNewTheme: FALSE
[2025-06-11 16:11:33] FeedController index() called
[2025-06-11 16:11:33] GET parameters: Array
(
    [route] => home
)

[2025-06-11 16:11:33] testNewTheme: FALSE
[2025-06-11 16:11:43] FeedController index() called
[2025-06-11 16:11:43] GET parameters: Array
(
    [route] => home
)

[2025-06-11 16:11:43] testNewTheme: FALSE
[2025-06-11 16:12:58] FeedController index() called
[2025-06-11 16:12:58] GET parameters: Array
(
    [route] => home
)

[2025-06-11 16:12:58] testNewTheme: FALSE
[2025-06-11 16:16:49] FeedController index() called
[2025-06-11 16:16:49] GET parameters: Array
(
    [route] => home
)

[2025-06-11 16:16:49] testNewTheme: FALSE
[2025-06-11 16:19:27] FeedController index() called
[2025-06-11 16:19:27] GET parameters: Array
(
    [route] => home
)

[2025-06-11 16:19:27] testNewTheme: FALSE
[2025-06-11 16:19:40] FeedController index() called
[2025-06-11 16:19:40] GET parameters: Array
(
    [route] => home
)

[2025-06-11 16:19:40] testNewTheme: FALSE
[2025-06-11 16:25:15] FeedController index() called
[2025-06-11 16:25:15] GET parameters: Array
(
    [route] => home
)

[2025-06-11 16:25:15] testNewTheme: FALSE
[2025-06-11 16:25:26] FeedController index() called
[2025-06-11 16:25:26] GET parameters: Array
(
    [route] => home
)

[2025-06-11 16:25:26] testNewTheme: FALSE
[2025-06-11 16:25:38] FeedController index() called
[2025-06-11 16:25:38] GET parameters: Array
(
    [route] => home
)

[2025-06-11 16:25:38] testNewTheme: FALSE
[2025-06-11 16:26:48] FeedController index() called
[2025-06-11 16:26:48] GET parameters: Array
(
    [route] => home
)

[2025-06-11 16:26:48] testNewTheme: FALSE
[2025-06-11 16:40:27] FeedController index() called
[2025-06-11 16:40:27] GET parameters: Array
(
    [route] => home
)

[2025-06-11 16:40:27] testNewTheme: FALSE
[2025-06-11 16:40:29] FeedController index() called
[2025-06-11 16:40:29] GET parameters: Array
(
    [route] => home
)

[2025-06-11 16:40:29] testNewTheme: FALSE
[2025-06-11 16:46:59] FeedController index() called
[2025-06-11 16:46:59] GET parameters: Array
(
    [route] => home
)

[2025-06-11 16:46:59] testNewTheme: FALSE
[2025-06-11 16:47:24] FeedController index() called
[2025-06-11 16:47:24] GET parameters: Array
(
    [route] => home
)

[2025-06-11 16:47:24] testNewTheme: FALSE
[2025-06-11 16:49:48] FeedController index() called
[2025-06-11 16:49:48] GET parameters: Array
(
    [route] => home
)

[2025-06-11 16:49:48] testNewTheme: FALSE
[2025-06-11 16:49:51] FeedController index() called
[2025-06-11 16:49:51] GET parameters: Array
(
    [route] => home
)

[2025-06-11 16:49:51] testNewTheme: FALSE
[2025-06-11 16:50:55] FeedController index() called
[2025-06-11 16:50:55] GET parameters: Array
(
    [route] => home
)

[2025-06-11 16:50:55] testNewTheme: FALSE
[2025-06-11 16:51:27] FeedController index() called
[2025-06-11 16:51:27] GET parameters: Array
(
    [route] => home
)

[2025-06-11 16:51:27] testNewTheme: FALSE
[2025-06-11 16:56:32] FeedController index() called
[2025-06-11 16:56:32] GET parameters: Array
(
    [route] => home
)

[2025-06-11 16:56:32] testNewTheme: FALSE
[2025-06-11 16:58:21] FeedController index() called
[2025-06-11 16:58:21] GET parameters: Array
(
    [route] => home
)

[2025-06-11 16:58:21] testNewTheme: FALSE
[2025-06-11 16:58:25] FeedController index() called
[2025-06-11 16:58:25] GET parameters: Array
(
    [route] => home
)

[2025-06-11 16:58:25] testNewTheme: FALSE
[2025-06-11 17:01:07] FeedController index() called
[2025-06-11 17:01:07] GET parameters: Array
(
    [route] => home
)

[2025-06-11 17:01:07] testNewTheme: FALSE
[2025-06-11 17:01:14] FeedController index() called
[2025-06-11 17:01:14] GET parameters: Array
(
    [route] => home
)

[2025-06-11 17:01:14] testNewTheme: FALSE
[2025-06-11 17:13:19] FeedController index() called
[2025-06-11 17:13:19] GET parameters: Array
(
    [route] => home
)

[2025-06-11 17:13:19] testNewTheme: FALSE
[2025-06-11 17:13:23] FeedController index() called
[2025-06-11 17:13:23] GET parameters: Array
(
    [route] => home
)

[2025-06-11 17:13:23] testNewTheme: FALSE
[2025-06-11 17:16:28] FeedController index() called
[2025-06-11 17:16:28] GET parameters: Array
(
    [route] => home
)

[2025-06-11 17:16:28] testNewTheme: FALSE
[2025-06-11 17:20:09] FeedController index() called
[2025-06-11 17:20:09] GET parameters: Array
(
    [route] => home
)

[2025-06-11 17:20:09] testNewTheme: FALSE
[2025-06-11 17:20:25] FeedController index() called
[2025-06-11 17:20:25] GET parameters: Array
(
    [route] => home
)

[2025-06-11 17:20:25] testNewTheme: FALSE
[2025-06-11 17:35:54] FeedController index() called
[2025-06-11 17:35:54] GET parameters: Array
(
    [route] => home
)

[2025-06-11 17:35:54] testNewTheme: FALSE
