[2025-06-10 10:52:30] FeedController index() called
[2025-06-10 10:52:30] GET parameters: Array
(
    [route] => home
)

[2025-06-10 10:52:30] testNewTheme: FALSE
[2025-06-10 10:57:54] FeedController index() called
[2025-06-10 10:57:54] GET parameters: Array
(
    [route] => home
)

[2025-06-10 10:57:54] testNewTheme: FALSE
[2025-06-10 11:00:28] FeedController index() called
[2025-06-10 11:00:28] GET parameters: Array
(
    [route] => feed
    [new_theme] => 1
)

[2025-06-10 11:00:28] testNewTheme: TRUE
[2025-06-10 11:00:41] FeedController index() called
[2025-06-10 11:00:41] GET parameters: Array
(
    [route] => feed
    [new_theme] => 1
)

[2025-06-10 11:00:41] testNewTheme: TRUE
[2025-06-10 11:12:38] FeedController index() called
[2025-06-10 11:12:38] GET parameters: Array
(
    [route] => feed
    [new_theme] => 1
)

[2025-06-10 11:12:38] ENTERING NEW THEME BLOCK
[2025-06-10 11:12:38] Attempting to write to new_theme_debug...
[2025-06-10 11:12:38] Test write result: SUCCESS
[2025-06-10 11:12:38] testNewTheme: TRUE
[2025-06-10 11:15:38] FeedController index() called
[2025-06-10 11:15:38] GET parameters: Array
(
    [route] => feed
    [new_theme] => 1
)

[2025-06-10 11:15:38] ENTERING NEW THEME BLOCK
[2025-06-10 11:15:38] Attempting to write to new_theme_debug...
[2025-06-10 11:15:38] Test write result: SUCCESS
[2025-06-10 11:15:38] testNewTheme: TRUE
[2025-06-10 11:16:43] FeedController index() called
[2025-06-10 11:16:43] GET parameters: Array
(
    [route] => feed
)

[2025-06-10 11:16:43] testNewTheme: FALSE
[2025-06-10 11:18:55] FeedController index() called
[2025-06-10 11:18:55] GET parameters: Array
(
    [route] => feed
    [new_theme] => 1
)

[2025-06-10 11:18:55] ENTERING NEW THEME BLOCK
[2025-06-10 11:18:55] Attempting to write to new_theme_debug...
[2025-06-10 11:18:55] Test write result: SUCCESS
[2025-06-10 11:18:55] testNewTheme: TRUE
[2025-06-10 11:19:06] FeedController index() called
[2025-06-10 11:19:06] GET parameters: Array
(
    [route] => home
)

[2025-06-10 11:19:06] testNewTheme: FALSE
[2025-06-10 11:19:32] FeedController index() called
[2025-06-10 11:19:32] GET parameters: Array
(
    [route] => feed
    [new_theme] => 1
)

[2025-06-10 11:19:32] ENTERING NEW THEME BLOCK
[2025-06-10 11:19:32] Attempting to write to new_theme_debug...
[2025-06-10 11:19:32] Test write result: SUCCESS
[2025-06-10 11:19:32] testNewTheme: TRUE
[2025-06-10 11:49:11] FeedController index() called
[2025-06-10 11:49:11] GET parameters: Array
(
    [route] => home
)

[2025-06-10 11:49:11] testNewTheme: FALSE
[2025-06-10 11:54:45] FeedController index() called
[2025-06-10 11:54:45] GET parameters: Array
(
    [route] => home
)

[2025-06-10 11:54:45] testNewTheme: FALSE
[2025-06-10 12:27:40] FeedController index() called
[2025-06-10 12:27:40] GET parameters: Array
(
    [route] => home
)

[2025-06-10 12:27:40] testNewTheme: FALSE
[2025-06-10 12:44:16] FeedController index() called
[2025-06-10 12:44:16] GET parameters: Array
(
    [route] => home
)

[2025-06-10 12:44:16] testNewTheme: FALSE
[2025-06-10 12:44:29] FeedController index() called
[2025-06-10 12:44:29] GET parameters: Array
(
    [route] => home
)

[2025-06-10 12:44:29] testNewTheme: FALSE
[2025-06-10 13:53:22] FeedController index() called
[2025-06-10 13:53:22] GET parameters: Array
(
    [route] => home
)

[2025-06-10 13:53:22] testNewTheme: FALSE
[2025-06-10 13:56:54] FeedController index() called
[2025-06-10 13:56:54] GET parameters: Array
(
    [route] => home
)

[2025-06-10 13:56:54] testNewTheme: FALSE
[2025-06-10 13:56:59] FeedController index() called
[2025-06-10 13:56:59] GET parameters: Array
(
    [route] => home
)

[2025-06-10 13:56:59] testNewTheme: FALSE
[2025-06-10 13:57:04] FeedController index() called
[2025-06-10 13:57:04] GET parameters: Array
(
    [route] => home
)

[2025-06-10 13:57:04] testNewTheme: FALSE
[2025-06-10 13:57:53] FeedController index() called
[2025-06-10 13:57:53] GET parameters: Array
(
    [route] => home
)

[2025-06-10 13:57:53] testNewTheme: FALSE
[2025-06-10 14:04:58] FeedController index() called
[2025-06-10 14:04:58] GET parameters: Array
(
    [route] => home
)

[2025-06-10 14:04:58] testNewTheme: FALSE
[2025-06-10 14:07:00] FeedController index() called
[2025-06-10 14:07:00] GET parameters: Array
(
    [route] => home
)

[2025-06-10 14:07:00] testNewTheme: FALSE
[2025-06-10 14:07:27] FeedController index() called
[2025-06-10 14:07:27] GET parameters: Array
(
    [route] => home
)

[2025-06-10 14:07:27] testNewTheme: FALSE
[2025-06-10 14:20:54] FeedController index() called
[2025-06-10 14:20:54] GET parameters: Array
(
    [route] => home
)

[2025-06-10 14:20:54] testNewTheme: FALSE
[2025-06-10 14:21:02] FeedController index() called
[2025-06-10 14:21:02] GET parameters: Array
(
    [route] => home
)

[2025-06-10 14:21:02] testNewTheme: FALSE
[2025-06-10 14:22:46] FeedController index() called
[2025-06-10 14:22:46] GET parameters: Array
(
    [route] => home
)

[2025-06-10 14:22:46] testNewTheme: FALSE
[2025-06-10 14:27:50] FeedController index() called
[2025-06-10 14:27:50] GET parameters: Array
(
    [route] => home
)

[2025-06-10 14:27:50] testNewTheme: FALSE
[2025-06-10 14:28:03] FeedController index() called
[2025-06-10 14:28:03] GET parameters: Array
(
    [route] => home
)

[2025-06-10 14:28:03] testNewTheme: FALSE
[2025-06-10 14:31:18] FeedController index() called
[2025-06-10 14:31:18] GET parameters: Array
(
    [route] => home
)

[2025-06-10 14:31:18] testNewTheme: FALSE
[2025-06-10 14:32:45] FeedController index() called
[2025-06-10 14:32:45] GET parameters: Array
(
    [route] => home
)

[2025-06-10 14:32:45] testNewTheme: FALSE
[2025-06-10 14:59:05] FeedController index() called
[2025-06-10 14:59:05] GET parameters: Array
(
    [route] => home
)

[2025-06-10 14:59:05] testNewTheme: FALSE
[2025-06-10 14:59:43] FeedController index() called
[2025-06-10 14:59:43] GET parameters: Array
(
    [route] => home
)

[2025-06-10 14:59:43] testNewTheme: FALSE
[2025-06-10 15:36:15] FeedController index() called
[2025-06-10 15:36:15] GET parameters: Array
(
    [route] => home
)

[2025-06-10 15:36:15] testNewTheme: FALSE
[2025-06-10 15:51:21] FeedController index() called
[2025-06-10 15:51:21] GET parameters: Array
(
    [route] => home
)

[2025-06-10 15:51:21] testNewTheme: FALSE
[2025-06-10 16:01:32] FeedController index() called
[2025-06-10 16:01:32] GET parameters: Array
(
    [route] => home
)

[2025-06-10 16:01:32] testNewTheme: FALSE
[2025-06-10 16:03:11] FeedController index() called
[2025-06-10 16:03:11] GET parameters: Array
(
    [route] => feed
)

[2025-06-10 16:03:11] testNewTheme: FALSE
[2025-06-10 16:03:15] FeedController index() called
[2025-06-10 16:03:15] GET parameters: Array
(
    [route] => feed
)

[2025-06-10 16:03:15] testNewTheme: FALSE
[2025-06-10 16:03:52] FeedController index() called
[2025-06-10 16:03:52] GET parameters: Array
(
    [route] => home
)

[2025-06-10 16:03:52] testNewTheme: FALSE
[2025-06-10 16:04:14] FeedController index() called
[2025-06-10 16:04:14] GET parameters: Array
(
    [route] => feed
)

[2025-06-10 16:04:14] testNewTheme: FALSE
[2025-06-10 16:08:04] FeedController index() called
[2025-06-10 16:08:04] GET parameters: Array
(
    [route] => home
)

[2025-06-10 16:08:04] testNewTheme: FALSE
[2025-06-10 16:14:36] FeedController index() called
[2025-06-10 16:14:36] GET parameters: Array
(
    [route] => home
)

[2025-06-10 16:14:36] testNewTheme: FALSE
[2025-06-10 16:14:46] FeedController index() called
[2025-06-10 16:14:46] GET parameters: Array
(
    [route] => home
)

[2025-06-10 16:14:46] testNewTheme: FALSE
[2025-06-10 16:20:29] FeedController index() called
[2025-06-10 16:20:29] GET parameters: Array
(
    [route] => home
)

[2025-06-10 16:20:29] testNewTheme: FALSE
[2025-06-10 16:20:47] FeedController index() called
[2025-06-10 16:20:47] GET parameters: Array
(
    [route] => home
)

[2025-06-10 16:20:47] testNewTheme: FALSE
[2025-06-10 16:26:36] FeedController index() called
[2025-06-10 16:26:36] GET parameters: Array
(
    [route] => home
)

[2025-06-10 16:26:36] testNewTheme: FALSE
[2025-06-10 16:26:51] FeedController index() called
[2025-06-10 16:26:51] GET parameters: Array
(
    [route] => home
)

[2025-06-10 16:26:51] testNewTheme: FALSE
[2025-06-10 16:27:21] FeedController index() called
[2025-06-10 16:27:21] GET parameters: Array
(
    [route] => home
)

[2025-06-10 16:27:21] testNewTheme: FALSE
[2025-06-10 16:27:30] FeedController index() called
[2025-06-10 16:27:30] GET parameters: Array
(
    [route] => home
)

[2025-06-10 16:27:30] testNewTheme: FALSE
[2025-06-10 16:32:13] FeedController index() called
[2025-06-10 16:32:13] GET parameters: Array
(
    [route] => home
)

[2025-06-10 16:32:13] testNewTheme: FALSE
[2025-06-10 16:44:56] FeedController index() called
[2025-06-10 16:44:56] GET parameters: Array
(
    [route] => home
)

[2025-06-10 16:44:56] testNewTheme: FALSE
[2025-06-10 16:46:41] FeedController index() called
[2025-06-10 16:46:41] GET parameters: Array
(
    [route] => home
)

[2025-06-10 16:46:41] testNewTheme: FALSE
[2025-06-10 16:48:46] FeedController index() called
[2025-06-10 16:48:46] GET parameters: Array
(
    [route] => home
)

[2025-06-10 16:48:46] testNewTheme: FALSE
[2025-06-10 16:50:47] FeedController index() called
[2025-06-10 16:50:47] GET parameters: Array
(
    [route] => home
)

[2025-06-10 16:50:47] testNewTheme: FALSE
[2025-06-10 16:53:18] FeedController index() called
[2025-06-10 16:53:18] GET parameters: Array
(
    [route] => home
)

[2025-06-10 16:53:18] testNewTheme: FALSE
[2025-06-10 16:55:37] FeedController index() called
[2025-06-10 16:55:37] GET parameters: Array
(
    [route] => home
)

[2025-06-10 16:55:37] testNewTheme: FALSE
[2025-06-10 16:55:38] FeedController index() called
[2025-06-10 16:55:38] GET parameters: Array
(
    [route] => home
)

[2025-06-10 16:55:38] testNewTheme: FALSE
[2025-06-10 16:55:41] FeedController index() called
[2025-06-10 16:55:41] GET parameters: Array
(
    [route] => home
)

[2025-06-10 16:55:41] testNewTheme: FALSE
[2025-06-10 17:01:16] FeedController index() called
[2025-06-10 17:01:16] GET parameters: Array
(
    [route] => home
)

[2025-06-10 17:01:16] testNewTheme: FALSE
[2025-06-10 17:05:43] FeedController index() called
[2025-06-10 17:05:43] GET parameters: Array
(
    [route] => home
)

[2025-06-10 17:05:43] testNewTheme: FALSE
[2025-06-10 17:07:56] FeedController index() called
[2025-06-10 17:07:56] GET parameters: Array
(
    [route] => home
)

[2025-06-10 17:07:56] testNewTheme: FALSE
[2025-06-10 17:08:48] FeedController index() called
[2025-06-10 17:08:48] GET parameters: Array
(
    [route] => home
)

[2025-06-10 17:08:48] testNewTheme: FALSE
[2025-06-10 17:09:31] FeedController index() called
[2025-06-10 17:09:31] GET parameters: Array
(
    [route] => home
)

[2025-06-10 17:09:31] testNewTheme: FALSE
[2025-06-10 17:10:09] FeedController index() called
[2025-06-10 17:10:09] GET parameters: Array
(
    [route] => home
)

[2025-06-10 17:10:09] testNewTheme: FALSE
[2025-06-10 17:10:43] FeedController index() called
[2025-06-10 17:10:43] GET parameters: Array
(
    [route] => home
)

[2025-06-10 17:10:43] testNewTheme: FALSE
[2025-06-10 17:11:36] FeedController index() called
[2025-06-10 17:11:36] GET parameters: Array
(
    [route] => home
)

[2025-06-10 17:11:36] testNewTheme: FALSE
[2025-06-10 17:11:39] FeedController index() called
[2025-06-10 17:11:39] GET parameters: Array
(
    [route] => home
)

[2025-06-10 17:11:39] testNewTheme: FALSE
[2025-06-10 17:12:19] FeedController index() called
[2025-06-10 17:12:19] GET parameters: Array
(
    [route] => home
)

[2025-06-10 17:12:19] testNewTheme: FALSE
[2025-06-10 17:14:27] FeedController index() called
[2025-06-10 17:14:27] GET parameters: Array
(
    [route] => home
)

[2025-06-10 17:14:27] testNewTheme: FALSE
[2025-06-10 17:16:16] FeedController index() called
[2025-06-10 17:16:16] GET parameters: Array
(
    [route] => home
)

[2025-06-10 17:16:16] testNewTheme: FALSE
[2025-06-10 17:20:15] FeedController index() called
[2025-06-10 17:20:15] GET parameters: Array
(
    [route] => home
)

[2025-06-10 17:20:15] testNewTheme: FALSE
[2025-06-10 17:25:19] FeedController index() called
[2025-06-10 17:25:19] GET parameters: Array
(
    [route] => home
)

[2025-06-10 17:25:19] testNewTheme: FALSE
[2025-06-10 17:26:54] FeedController index() called
[2025-06-10 17:26:54] GET parameters: Array
(
    [route] => home
)

[2025-06-10 17:26:54] testNewTheme: FALSE
[2025-06-10 17:28:44] FeedController index() called
[2025-06-10 17:28:44] GET parameters: Array
(
    [route] => home
)

[2025-06-10 17:28:44] testNewTheme: FALSE
[2025-06-10 17:31:58] FeedController index() called
[2025-06-10 17:31:58] GET parameters: Array
(
    [route] => home
)

[2025-06-10 17:31:58] testNewTheme: FALSE
[2025-06-10 17:37:32] FeedController index() called
[2025-06-10 17:37:32] GET parameters: Array
(
    [route] => home
    [preview] => 1
)

[2025-06-10 17:37:32] testNewTheme: FALSE
[2025-06-10 17:38:30] FeedController index() called
[2025-06-10 17:38:30] GET parameters: Array
(
    [route] => home
)

[2025-06-10 17:38:30] testNewTheme: FALSE
[2025-06-10 17:39:02] FeedController index() called
[2025-06-10 17:39:02] GET parameters: Array
(
    [route] => home
)

[2025-06-10 17:39:02] testNewTheme: FALSE
[2025-06-10 17:45:11] FeedController index() called
[2025-06-10 17:45:11] GET parameters: Array
(
    [route] => home
)

[2025-06-10 17:45:11] testNewTheme: FALSE
[2025-06-10 17:45:14] FeedController index() called
[2025-06-10 17:45:14] GET parameters: Array
(
    [route] => home
)

[2025-06-10 17:45:14] testNewTheme: FALSE
[2025-06-10 17:48:13] FeedController index() called
[2025-06-10 17:48:13] GET parameters: Array
(
    [route] => home
)

[2025-06-10 17:48:13] testNewTheme: FALSE
[2025-06-10 17:48:53] FeedController index() called
[2025-06-10 17:48:53] GET parameters: Array
(
    [route] => home
)

[2025-06-10 17:48:53] testNewTheme: FALSE
[2025-06-10 17:49:07] FeedController index() called
[2025-06-10 17:49:07] GET parameters: Array
(
    [route] => home
)

[2025-06-10 17:49:07] testNewTheme: FALSE
[2025-06-10 21:44:12] FeedController index() called
[2025-06-10 21:44:12] GET parameters: Array
(
    [route] => home
)

[2025-06-10 21:44:12] testNewTheme: FALSE
[2025-06-10 21:44:43] FeedController index() called
[2025-06-10 21:44:43] GET parameters: Array
(
    [route] => home
)

[2025-06-10 21:44:43] testNewTheme: FALSE
