[2025-06-22 11:54:49] === CREATE POST DEBUG ===
POST data: Array
(
    [content] => https://www.ad.nl/binnenland/mosselexplosie-maar-liefst-7000-hectare-aan-mosselbanken-komt-zelfs-in-geschiedenisboekjes-niet-voor~a75d2013/
    [privacy] => public
)

FILES data: Array
(
    [image] => Array
        (
            [name] => 
            [full_path] => 
            [type] => 
            [tmp_name] => 
            [error] => 4
            [size] => 0
        )

)

[2025-06-22 12:06:16] === CREATE POST DEBUG ===
POST data: Array
(
    [content] => https://www.nu.nl/dieren/6359887/politie-redt-duizenden-babyschildpadden-in-kartonnen-dozen-in-mexico.html
    [privacy] => public
)

FILES data: Array
(
    [image] => Array
        (
            [name] => 
            [full_path] => 
            [type] => 
            [tmp_name] => 
            [error] => 4
            [size] => 0
        )

)

[2025-06-22 12:31:55] === CREATE POST DEBUG ===
POST data: Array
(
    [content] => https://www.nu.nl/achterklap/6359966/suzan-is-zwanger-van-een-jongetje-een-kleine-freek-in-mijn-buik.html
    [privacy] => public
)

FILES data: Array
(
    [image] => Array
        (
            [name] => 
            [full_path] => 
            [type] => 
            [tmp_name] => 
            [error] => 4
            [size] => 0
        )

)

[2025-06-22 13:41:42] === CREATE POST DEBUG ===
POST data: Array
(
    [content] => https://nos.nl/artikel/2572068-bijzondere-lammergier-gebruikt-hitte-voor-rondje-nederland
    [privacy] => public
)

FILES data: Array
(
)

