[2025-06-20 14:03:44] === CREATE POST DEBUG ===
POST data: Array
(
    [content] => 
    [privacy] => public
)

FILES data: Array
(
    [image] => Array
        (
            [name] => 5b61c9c8-37d5-4ed0-994a-cde9db428d7b.png
            [full_path] => 5b61c9c8-37d5-4ed0-994a-cde9db428d7b.png
            [type] => image/png
            [tmp_name] => /tmp/php49nY3z
            [error] => 0
            [size] => 2000516
        )

)

[2025-06-20 14:05:58] === CREATE POST DEBUG ===
POST data: Array
(
    [content] => 
    [privacy] => public
)

FILES data: Array
(
    [image] => Array
        (
            [name] => 499783516_1104779111673450_7362769854549278714_n.jpg
            [full_path] => 499783516_1104779111673450_7362769854549278714_n.jpg
            [type] => image/jpeg
            [tmp_name] => /tmp/phpo24BbJ
            [error] => 0
            [size] => 108290
        )

)

[2025-06-20 14:29:48] === CREATE POST DEBUG ===
POST data: Array
(
    [content] => Rick Roll test! 
https://www.youtube.com/watch?v=dQw4w9WgXcQ
    [privacy] => public
)

FILES data: Array
(
    [image] => Array
        (
            [name] => 
            [full_path] => 
            [type] => 
            [tmp_name] => 
            [error] => 4
            [size] => 0
        )

)

[2025-06-20 14:40:38] === CREATE POST DEBUG ===
POST data: Array
(
    [content] => Rick Roll test! 
https://www.youtube.com/watch?v=dQw4w9WgXcQ
    [privacy] => public
)

FILES data: Array
(
    [image] => Array
        (
            [name] => 
            [full_path] => 
            [type] => 
            [tmp_name] => 
            [error] => 4
            [size] => 0
        )

)

[2025-06-20 15:00:21] === CREATE POST DEBUG ===
POST data: Array
(
    [content] => Test link
https://www.youtube.com/watch?v=dQw4w9WgXcQ
    [privacy] => public
)

FILES data: Array
(
    [image] => Array
        (
            [name] => 
            [full_path] => 
            [type] => 
            [tmp_name] => 
            [error] => 4
            [size] => 0
        )

)

[2025-06-20 15:01:27] === CREATE POST DEBUG ===
POST data: Array
(
    [content] => Quincy Promes uitgeleverd aan Nederland
https://nos.nl/artikel/2571864-quincy-promes-uitgeleverd-aan-nederland/
    [privacy] => public
)

FILES data: Array
(
    [image] => Array
        (
            [name] => 
            [full_path] => 
            [type] => 
            [tmp_name] => 
            [error] => 4
            [size] => 0
        )

)

[2025-06-20 15:17:18] === CREATE POST DEBUG ===
POST data: Array
(
    [content] => Korte mannen jaloers op lange mannen om betere kansen op seksuele partners
https://www.rtl.nl/nieuws/buitenland/artikel/5514054/lengte-van-mannen-bepalend-voor-seksuele-selectie
    [privacy] => public
)

FILES data: Array
(
    [image] => Array
        (
            [name] => 
            [full_path] => 
            [type] => 
            [tmp_name] => 
            [error] => 4
            [size] => 0
        )

)

[2025-06-20 15:23:03] === CREATE POST DEBUG ===
POST data: Array
(
    [content] => Korte mannen jaloers op lange mannen om betere kansen op seksuele partners
https://www.rtl.nl/nieuws/buitenland/artikel/5514054/lengte-van-mannen-bepalend-voor-seksuele-selectie/
    [privacy] => public
)

FILES data: Array
(
    [image] => Array
        (
            [name] => 
            [full_path] => 
            [type] => 
            [tmp_name] => 
            [error] => 4
            [size] => 0
        )

)

[2025-06-20 15:34:28] === CREATE POST DEBUG ===
POST data: Array
(
    [content] => Korte mannen jaloers op lange mannen om betere kansen op seksuele partners
https://www.rtl.nl/nieuws/buitenland/artikel/5514054/lengte-van-mannen-bepalend-voor-seksuele-selectie
    [privacy] => public
)

FILES data: Array
(
    [image] => Array
        (
            [name] => 
            [full_path] => 
            [type] => 
            [tmp_name] => 
            [error] => 4
            [size] => 0
        )

)

[2025-06-20 15:56:03] === CREATE POST DEBUG ===
POST data: Array
(
    [content] => Mag ik nog met mijn Citroën naar de garage rijden? Vijf vragen over de terugroepactie
https://www.rtl.nl/nieuws/economie/artikel/5514767/mag-ik-nog-met-mijn-citroen-naar-de-garage-rijden-vijf-vragen-over
    [privacy] => public
)

FILES data: Array
(
    [image] => Array
        (
            [name] => 
            [full_path] => 
            [type] => 
            [tmp_name] => 
            [error] => 4
            [size] => 0
        )

)

[2025-06-20 16:48:21] === CREATE POST DEBUG ===
POST data: Array
(
    [content] => https://www.youtube.com/watch?v=dQw4w9WgXcQ
    [privacy] => public
)

FILES data: Array
(
    [image] => Array
        (
            [name] => 
            [full_path] => 
            [type] => 
            [tmp_name] => 
            [error] => 4
            [size] => 0
        )

)

[2025-06-20 16:49:05] === CREATE POST DEBUG ===
POST data: Array
(
    [content] => https://www.bbc.com/news/articles/ckg3rrz94nzo
    [privacy] => public
)

FILES data: Array
(
    [image] => Array
        (
            [name] => 
            [full_path] => 
            [type] => 
            [tmp_name] => 
            [error] => 4
            [size] => 0
        )

)

[2025-06-20 16:49:46] === CREATE POST DEBUG ===
POST data: Array
(
    [content] => https://www.rtl.nl/nieuws/binnenland/artikel/5514394/heerlijke-kersen-dit-jaar-maar-tegen-hoge-prijs
    [privacy] => public
)

FILES data: Array
(
    [image] => Array
        (
            [name] => 
            [full_path] => 
            [type] => 
            [tmp_name] => 
            [error] => 4
            [size] => 0
        )

)

[2025-06-20 16:59:20] === CREATE POST DEBUG ===
POST data: Array
(
    [content] => https://www.rtl.nl/nieuws/binnenland/artikel/5514394/heerlijke-kersen-dit-jaar-maar-tegen-hoge-prijs
    [privacy] => public
)

FILES data: Array
(
    [image] => Array
        (
            [name] => 
            [full_path] => 
            [type] => 
            [tmp_name] => 
            [error] => 4
            [size] => 0
        )

)

[2025-06-20 17:00:10] === CREATE POST DEBUG ===
POST data: Array
(
    [content] => https://nos.nl/artikel/2571864-quincy-promes-uitgeleverd-aan-nederland
    [privacy] => public
)

FILES data: Array
(
    [image] => Array
        (
            [name] => 
            [full_path] => 
            [type] => 
            [tmp_name] => 
            [error] => 4
            [size] => 0
        )

)

[2025-06-20 17:17:20] === CREATE POST DEBUG ===
POST data: Array
(
    [content] => https://www.rtl.nl/nieuws/onderzoek/artikel/5514780/honderden-zzpers-zonder-diploma-betrapt-de-zorg
    [privacy] => public
)

FILES data: Array
(
    [image] => Array
        (
            [name] => 
            [full_path] => 
            [type] => 
            [tmp_name] => 
            [error] => 4
            [size] => 0
        )

)

[2025-06-20 17:26:53] === CREATE POST DEBUG ===
POST data: Array
(
    [content] => https://www.rtl.nl/nieuws/onderzoek/artikel/5514780/honderden-zzpers-zonder-diploma-betrapt-de-zorg
    [privacy] => public
)

FILES data: Array
(
    [image] => Array
        (
            [name] => 
            [full_path] => 
            [type] => 
            [tmp_name] => 
            [error] => 4
            [size] => 0
        )

)

[2025-06-20 17:52:20] === CREATE POST DEBUG ===
POST data: Array
(
    [content] => https://www.rtl.nl/wonen/koken-en-eten/artikel/5442121/paasrecept-passievruchtentaart-met-limoen-en-eetbare-bloemen
    [privacy] => public
)

FILES data: Array
(
    [image] => Array
        (
            [name] => 
            [full_path] => 
            [type] => 
            [tmp_name] => 
            [error] => 4
            [size] => 0
        )

)

[2025-06-20 18:06:15] === CREATE POST DEBUG ===
POST data: Array
(
    [content] => https://www.rtl.nl/wonen/koken-en-eten/artikel/5442121/paasrecept-passievruchtentaart-met-limoen-en-eetbare-bloemen
    [privacy] => public
)

FILES data: Array
(
    [image] => Array
        (
            [name] => 
            [full_path] => 
            [type] => 
            [tmp_name] => 
            [error] => 4
            [size] => 0
        )

)

[2025-06-20 20:00:49] === CREATE POST DEBUG ===
POST data: Array
(
    [content] => Dead Or Alive - You Spin Me Round (Like A Record) (Moreno J Remix)
https://www.youtube.com/watch?v=dZkbzXKTdVQ
    [privacy] => public
)

FILES data: Array
(
    [image] => Array
        (
            [name] => 
            [full_path] => 
            [type] => 
            [tmp_name] => 
            [error] => 4
            [size] => 0
        )

)

