[2025-06-18 13:12:09] === CREATE POST DEBUG ===
POST data: Array
(
    [content] => 😃
    [privacy] => public
)

FILES data: Array
(
)

[2025-06-18 13:26:15] === CREATE POST DEBUG ===
POST data: Array
(
    [content] => Test
    [privacy] => public
)

FILES data: Array
(
    [image] => Array
        (
            [name] => avatar-1295429_640.png
            [full_path] => avatar-1295429_640.png
            [type] => image/png
            [tmp_name] => /tmp/phpKouTFe
            [error] => 0
            [size] => 88329
        )

)

