[2025-06-14 10:05:01] === CREATE POST DEBUG ===
POST data: Array
(
    [content] => 
    [privacy] => public
)

FILES data: Array
(
    [image] => Array
        (
            [name] => 499783516_1104779111673450_7362769854549278714_n.jpg
            [full_path] => 499783516_1104779111673450_7362769854549278714_n.jpg
            [type] => image/jpeg
            [tmp_name] => /tmp/phpkPtvwj
            [error] => 0
            [size] => 108290
        )

)

[2025-06-14 10:19:32] === CREATE POST DEBUG ===
POST data: Array
(
    [content] => 
    [privacy] => public
)

FILES data: Array
(
    [image] => Array
        (
            [name] => 501290389_1023594793206203_1334743824272842745_n.jpg
            [full_path] => 501290389_1023594793206203_1334743824272842745_n.jpg
            [type] => image/jpeg
            [tmp_name] => /tmp/phpdHnFbD
            [error] => 0
            [size] => 56819
        )

)

[2025-06-14 10:36:04] === CREATE POST DEBUG ===
POST data: Array
(
    [content] => Even een test bericht
    [privacy] => public
)

FILES data: Array
(
    [image] => Array
        (
            [name] => 500307222_24501581432764722_4847393158707729440_n.jpg
            [full_path] => 500307222_24501581432764722_4847393158707729440_n.jpg
            [type] => image/jpeg
            [tmp_name] => /tmp/phpOVcsUa
            [error] => 0
            [size] => 136440
        )

)

[2025-06-14 10:49:37] === CREATE POST DEBUG ===
POST data: Array
(
    [content] => ðŸ˜Ž
    [privacy] => public
)

FILES data: Array
(
    [image] => Array
        (
            [name] => 
            [full_path] => 
            [type] => 
            [tmp_name] => 
            [error] => 4
            [size] => 0
        )

)

[2025-06-14 10:50:05] === CREATE POST DEBUG ===
POST data: Array
(
    [content] => Even een testðŸ˜
    [privacy] => public
)

FILES data: Array
(
    [image] => Array
        (
            [name] => 
            [full_path] => 
            [type] => 
            [tmp_name] => 
            [error] => 4
            [size] => 0
        )

)

[2025-06-14 11:11:00] === CREATE POST DEBUG ===
POST data: Array
(
    [content] => ðŸ˜Ž
    [privacy] => public
)

FILES data: Array
(
    [image] => Array
        (
            [name] => 
            [full_path] => 
            [type] => 
            [tmp_name] => 
            [error] => 4
            [size] => 0
        )

)

[2025-06-14 11:15:48] === CREATE POST DEBUG ===
POST data: Array
(
    [content] => Testen ðŸ˜Ž
    [privacy] => public
)

FILES data: Array
(
    [image] => Array
        (
            [name] => 
            [full_path] => 
            [type] => 
            [tmp_name] => 
            [error] => 4
            [size] => 0
        )

)

