
2025-06-08 13:10:15 - getKrabbels called for user_id: 6
2025-06-08 13:10:15 - Found 2 krabbels for user 6
2025-06-08 13:10:15 - Krabbels being sent to template: 2
2025-06-08 13:10:15 - First krabbel: Daar ben ik weer
2025-06-08 13:10:17 - getKrabbels called for user_id: 6
2025-06-08 13:10:17 - Found 2 krabbels for user 6
2025-06-08 13:10:17 - Krabbels being sent to template: 2
2025-06-08 13:10:17 - First krabbel: Daar ben ik weer
2025-06-08 13:10:18 - getKrabbels called for user_id: 1
2025-06-08 13:10:18 - Found 6 krabbels for user 1
2025-06-08 13:10:18 - Krabbels being sent to template: 6
2025-06-08 13:10:18 - First krabbel: Hier is nog een krabbel Rudy
2025-06-08 13:10:20 - getKrabbels called for user_id: 1
2025-06-08 13:10:20 - Found 6 krabbels for user 1
2025-06-08 13:10:20 - Krabbels being sent to template: 6
2025-06-08 13:10:20 - First krabbel: Hier is nog een krabbel Rudy
2025-06-08 13:10:20 - getKrabbels called for user_id: 1
2025-06-08 13:10:20 - Found 6 krabbels for user 1
2025-06-08 13:10:47 - getKrabbels called for user_id: 1
2025-06-08 13:10:47 - Found 6 krabbels for user 1
2025-06-08 13:10:47 - Krabbels being sent to template: 6
2025-06-08 13:10:47 - First krabbel: Hier is nog een krabbel Rudy
2025-06-08 13:10:47 - getKrabbels called for user_id: 1
2025-06-08 13:10:47 - Found 6 krabbels for user 1
2025-06-08 13:30:42 - getKrabbels called for user_id: 1
2025-06-08 13:30:42 - Found 6 krabbels for user 1
2025-06-08 13:30:42 - Krabbels being sent to template: 6
2025-06-08 13:30:42 - First krabbel: Hier is nog een krabbel Rudy
2025-06-08 13:30:42 - getKrabbels called for user_id: 1
2025-06-08 13:30:42 - Found 6 krabbels for user 1
2025-06-08 13:31:05 - getKrabbels called for user_id: 1
2025-06-08 13:31:05 - Found 6 krabbels for user 1
2025-06-08 13:31:05 - Krabbels being sent to template: 6
2025-06-08 13:31:05 - First krabbel: Hier is nog een krabbel Rudy
2025-06-08 13:31:05 - getKrabbels called for user_id: 1
2025-06-08 13:31:05 - Found 6 krabbels for user 1
2025-06-08 13:34:07 - getKrabbels called for user_id: 1
2025-06-08 13:34:07 - Found 6 krabbels for user 1
2025-06-08 13:34:07 - Krabbels being sent to template: 6
2025-06-08 13:34:07 - First krabbel: Hier is nog een krabbel Rudy
2025-06-08 13:34:07 - getKrabbels called for user_id: 1
2025-06-08 13:34:07 - Found 6 krabbels for user 1
2025-06-08 13:35:38 - getKrabbels called for user_id: 1
2025-06-08 13:35:38 - Found 7 krabbels for user 1
2025-06-08 13:35:38 - Krabbels being sent to template: 7
2025-06-08 13:35:38 - First krabbel: Zou het nu werken Rudy?
2025-06-08 13:35:38 - getKrabbels called for user_id: 1
2025-06-08 13:35:38 - Found 7 krabbels for user 1