[2025-06-10 11:00:28] === NEW THEME DEBUG START ===
[2025-06-10 11:00:28] Test nieuwe thema systeem geactiveerd
[2025-06-10 11:00:28] 1. ThemeFunctions initialiseren...
[2025-06-10 11:00:28] ✅ ThemeFunctions geïnitialiseerd
[2025-06-10 11:00:28] 2. ThemeManager instance ophalen...
[2025-06-10 11:00:28] Current theme: default
[2025-06-10 11:00:28] 3. Template pad zoeken...
[2025-06-10 11:00:28] Template pad: /var/www/socialcore.local/themes/default/pages/timeline.php
[2025-06-10 11:00:28] Template bestaat: YES
[2025-06-10 11:00:28] 4. Posts ophalen voor template...
[2025-06-10 11:00:28] 5. About to call getAllPosts()
[2025-06-10 11:00:28] Retrieved 20 posts
[2025-06-10 11:00:28] 6. Data prepared, attempting to load new theme template...
[2025-06-10 11:00:28] ✅ New theme template loaded successfully
[2025-06-10 11:00:41] === NEW THEME DEBUG START ===
[2025-06-10 11:00:41] Test nieuwe thema systeem geactiveerd
[2025-06-10 11:00:41] 1. ThemeFunctions initialiseren...
[2025-06-10 11:00:41] ✅ ThemeFunctions geïnitialiseerd
[2025-06-10 11:00:41] 2. ThemeManager instance ophalen...
[2025-06-10 11:00:41] Current theme: default
[2025-06-10 11:00:41] 3. Template pad zoeken...
[2025-06-10 11:00:41] Template pad: /var/www/socialcore.local/themes/default/pages/timeline.php
[2025-06-10 11:00:41] Template bestaat: YES
[2025-06-10 11:00:41] 4. Posts ophalen voor template...
[2025-06-10 11:00:41] 5. About to call getAllPosts()
[2025-06-10 11:00:41] Retrieved 20 posts
[2025-06-10 11:00:41] 6. Data prepared, attempting to load new theme template...
[2025-06-10 11:00:41] ✅ New theme template loaded successfully
[2025-06-10 11:12:38] TEST WRITE
[2025-06-10 11:12:38] === NEW THEME DEBUG START ===
[2025-06-10 11:12:38] Test nieuwe thema systeem geactiveerd
[2025-06-10 11:12:38] 1. ThemeFunctions initialiseren...
[2025-06-10 11:12:38] ✅ ThemeFunctions geïnitialiseerd
[2025-06-10 11:12:38] 2. ThemeManager instance ophalen...
[2025-06-10 11:12:38] Current theme: default
[2025-06-10 11:12:38] 3. Template pad zoeken...
[2025-06-10 11:12:38] Template pad: /var/www/socialcore.local/themes/default/pages/timeline.php
[2025-06-10 11:12:38] Template bestaat: YES
[2025-06-10 11:12:38] 4. Posts ophalen voor template...
[2025-06-10 11:12:38] 5. About to call getAllPosts()
[2025-06-10 11:12:38] Retrieved 20 posts
[2025-06-10 11:12:38] 6. Data prepared, attempting to load new theme template...
[2025-06-10 11:12:38] ✅ New theme template loaded successfully
[2025-06-10 11:15:38] TEST WRITE
[2025-06-10 11:15:38] === NEW THEME DEBUG START ===
[2025-06-10 11:15:38] Test nieuwe thema systeem geactiveerd
[2025-06-10 11:15:38] 1. ThemeFunctions initialiseren...
[2025-06-10 11:15:38] ✅ ThemeFunctions geïnitialiseerd
[2025-06-10 11:15:38] 2. ThemeManager instance ophalen...
[2025-06-10 11:15:38] Current theme: default
[2025-06-10 11:15:38] 3. Template pad zoeken...
[2025-06-10 11:15:38] Template pad: /var/www/socialcore.local/themes/default/pages/timeline.php
[2025-06-10 11:15:38] Template bestaat: YES
[2025-06-10 11:15:38] 4. Posts ophalen voor template...
[2025-06-10 11:15:38] 5. About to call getAllPosts()
[2025-06-10 11:15:38] Retrieved 20 posts
[2025-06-10 11:15:38] 6. Data prepared, attempting to load new theme template...
[2025-06-10 11:15:38] ✅ New theme template loaded successfully
[2025-06-10 11:18:55] TEST WRITE
[2025-06-10 11:18:55] === NEW THEME DEBUG START ===
[2025-06-10 11:18:55] Test nieuwe thema systeem geactiveerd
[2025-06-10 11:18:55] 1. ThemeFunctions initialiseren...
[2025-06-10 11:18:55] ✅ ThemeFunctions geïnitialiseerd
[2025-06-10 11:18:55] 2. ThemeManager instance ophalen...
[2025-06-10 11:18:55] Current theme: default
[2025-06-10 11:18:55] 3. Template pad zoeken...
[2025-06-10 11:18:55] Template pad: /var/www/socialcore.local/themes/default/pages/timeline.php
[2025-06-10 11:18:55] Template bestaat: YES
[2025-06-10 11:18:55] 4. Posts ophalen voor template...
[2025-06-10 11:18:55] 5. About to call getAllPosts()
[2025-06-10 11:18:55] Retrieved 20 posts
[2025-06-10 11:18:55] 6. Data prepared, attempting to load new theme template...
[2025-06-10 11:18:55] ✅ New theme template loaded successfully
[2025-06-10 11:19:32] TEST WRITE
[2025-06-10 11:19:32] === NEW THEME DEBUG START ===
[2025-06-10 11:19:32] Test nieuwe thema systeem geactiveerd
[2025-06-10 11:19:32] 1. ThemeFunctions initialiseren...
[2025-06-10 11:19:32] ✅ ThemeFunctions geïnitialiseerd
[2025-06-10 11:19:32] 2. ThemeManager instance ophalen...
[2025-06-10 11:19:32] Current theme: default
[2025-06-10 11:19:32] 3. Template pad zoeken...
[2025-06-10 11:19:32] Template pad: /var/www/socialcore.local/themes/default/pages/timeline.php
[2025-06-10 11:19:32] Template bestaat: YES
[2025-06-10 11:19:32] 4. Posts ophalen voor template...
[2025-06-10 11:19:32] 5. About to call getAllPosts()
[2025-06-10 11:19:32] Retrieved 20 posts
[2025-06-10 11:19:32] 6. Data prepared, attempting to load new theme template...
[2025-06-10 11:19:32] ✅ New theme template loaded successfully
