2025-06-07 14:42:24 - Send method called
POST data: Array
(
    [receiver_id] => 1
    [subject] => Test mail
    [content] => Hier weer een test 😂
)

FILES data: Array
(
    [image] => Array
        (
            [name] => 500201519_1265128122279435_6879088767347417683_n.jpg
            [full_path] => 500201519_1265128122279435_6879088767347417683_n.jpg
            [type] => image/jpeg
            [tmp_name] => /tmp/phplR7W2i
            [error] => 0
            [size] => 41307
        )

)

About to insert message
ERROR: SQLSTATE[HY093]: Invalid parameter number
Stack trace: #0 /var/www/socialcore.local/app/Controllers/MessagesController.php(217): PDOStatement->execute()
#1 /var/www/socialcore.local/routes/web.php(862): App\Controllers\MessagesController->send()
#2 /var/www/socialcore.local/core/bootstrap.php(180): {closure}()
#3 /var/www/socialcore.local/public/index.php(34): require_once('...')
#4 {main}
2025-06-07 14:47:11 - Send method called
POST data: Array
(
    [receiver_id] => 4
    [subject] => Test mail
    [content] => Hier nog een test 🤨
)

FILES data: Array
(
    [image] => Array
        (
            [name] => abstract-cartoon-art-7510531_1280.jpg
            [full_path] => abstract-cartoon-art-7510531_1280.jpg
            [type] => image/jpeg
            [tmp_name] => /tmp/phpbQMHf7
            [error] => 0
            [size] => 163605
        )

)

About to insert message
ERROR: SQLSTATE[21S01]: Insert value list does not match column list: 1136 Column count doesn't match value count at row 1
Stack trace: #0 /var/www/socialcore.local/app/Controllers/MessagesController.php(212): PDO->prepare()
#1 /var/www/socialcore.local/routes/web.php(862): App\Controllers\MessagesController->send()
#2 /var/www/socialcore.local/core/bootstrap.php(180): {closure}()
#3 /var/www/socialcore.local/public/index.php(34): require_once('...')
#4 {main}
2025-06-07 14:50:18 - Send method called
POST data: Array
(
    [receiver_id] => 1
    [subject] => Test mail
    [content] => Daar zijn we weer 🤤
)

FILES data: Array
(
    [image] => Array
        (
            [name] => emojis1.png
            [full_path] => emojis1.png
            [type] => image/png
            [tmp_name] => /tmp/phpYJIXlF
            [error] => 0
            [size] => 342810
        )

)

About to insert message
Message inserted with ID: 55
Processing photo upload
2025-06-07 14:57:51 - Send method called
POST data: Array
(
    [receiver_id] => 2
    [subject] => Test mail
    [content] => Kijk eens 😘
)

FILES data: Array
(
    [image] => Array
        (
            [name] => 500086053_1016803683892419_2625517534345211822_n.jpg
            [full_path] => 500086053_1016803683892419_2625517534345211822_n.jpg
            [type] => image/jpeg
            [tmp_name] => /tmp/phpPkKLr4
            [error] => 0
            [size] => 120057
        )

)

